2020-03-24 14:55:24 | 1585032924.9591 | ERROR | ErrorNO: 9999
2020-03-24 14:55:24 | 1585032924.9645 | ERROR | Error: Table 'tongshang.sl_user' doesn't exist
2020-03-24 14:55:24 | 1585032924.9681 | ERROR | File: /project/miniSwoole/library/core/Model.php
2020-03-24 14:55:24 | 1585032924.9701 | ERROR | Line: 521
2020-03-24 14:55:24 | 1585032924.9720 | ERROR | SQL: SELECT `id`, `username`, `password` FROM `sl_user`
2020-03-24 14:55:24 | 1585032924.9740 | ERROR | ================================================================================
2020-03-24 14:55:31 | 1585032931.8666 | ERROR | ErrorNO: 9999
2020-03-24 14:55:31 | 1585032931.8698 | ERROR | Error: Table 'tongshang.sl_news' doesn't exist
2020-03-24 14:55:31 | 1585032931.8719 | ERROR | File: /project/miniSwoole/library/core/Model.php
2020-03-24 14:55:31 | 1585032931.8740 | ERROR | Line: 521
2020-03-24 14:55:31 | 1585032931.8762 | ERROR | SQL: SELECT * FROM `sl_news` LIMIT 0, 10
2020-03-24 14:55:31 | 1585032931.8781 | ERROR | ================================================================================
2020-03-24 15:32:54 | 1585035174.7561 | ERROR | ErrorNO: 9999
2020-03-24 15:32:54 | 1585035174.7602 | ERROR | Error: Table 'tongshang.sl_news' doesn't exist
2020-03-24 15:32:54 | 1585035174.7622 | ERROR | File: /project/miniSwoole/library/core/Model.php
2020-03-24 15:32:54 | 1585035174.7641 | ERROR | Line: 521
2020-03-24 15:32:54 | 1585035174.7661 | ERROR | SQL: SELECT * FROM `sl_news`
2020-03-24 15:32:54 | 1585035174.7680 | ERROR | ================================================================================
2020-03-24 15:46:41 | 1585036001.9075 | ERROR | ErrorNO: 9999
2020-03-24 15:46:41 | 1585036001.9122 | ERROR | Error: Table 'tongshang.sl_user' doesn't exist
2020-03-24 15:46:41 | 1585036001.9141 | ERROR | File: /project/miniSwoole/library/core/Model.php
2020-03-24 15:46:41 | 1585036001.9160 | ERROR | Line: 521
2020-03-24 15:46:41 | 1585036001.9179 | ERROR | SQL: SELECT `id`, `username`, `password` FROM `sl_user`
2020-03-24 15:46:41 | 1585036001.9201 | ERROR | ================================================================================
2020-03-24 15:46:49 | 1585036009.4760 | ERROR | ErrorNO: 9999
2020-03-24 15:46:49 | 1585036009.4795 | ERROR | Error: Table 'tongshang.sl_user' doesn't exist
2020-03-24 15:46:49 | 1585036009.4819 | ERROR | File: /project/miniSwoole/library/core/Model.php
2020-03-24 15:46:49 | 1585036009.4838 | ERROR | Line: 521
2020-03-24 15:46:49 | 1585036009.4859 | ERROR | SQL: SELECT `id`, `username`, `password` FROM `sl_user`
2020-03-24 15:46:49 | 1585036009.4879 | ERROR | ================================================================================
2020-03-24 15:47:12 | 1585036032.2751 | ERROR | ErrorNO: 9999
2020-03-24 15:47:12 | 1585036032.2789 | ERROR | Error: Table 'tongshang.sl_user' doesn't exist
2020-03-24 15:47:12 | 1585036032.2807 | ERROR | File: /project/miniSwoole/library/core/Model.php
2020-03-24 15:47:12 | 1585036032.2824 | ERROR | Line: 521
2020-03-24 15:47:12 | 1585036032.2841 | ERROR | SQL: SELECT `id`, `username`, `password` FROM `sl_user`
2020-03-24 15:47:12 | 1585036032.2860 | ERROR | ================================================================================
2020-03-24 15:47:23 | 1585036043.9903 | ERROR | ErrorNO: 9999
2020-03-24 15:47:23 | 1585036043.9931 | ERROR | Error: Table 'tongshang.sl_user' doesn't exist
2020-03-24 15:47:23 | 1585036043.9951 | ERROR | File: /project/miniSwoole/library/core/Model.php
2020-03-24 15:47:23 | 1585036043.9970 | ERROR | Line: 521
2020-03-24 15:47:23 | 1585036043.9991 | ERROR | SQL: SELECT `id`, `username`, `password` FROM `sl_user`
2020-03-24 15:47:24 | 1585036044.0012 | ERROR | ================================================================================
2020-03-24 15:47:26 | 1585036046.8460 | ERROR | ErrorNO: 9999
2020-03-24 15:47:26 | 1585036046.8483 | ERROR | Error: Table 'tongshang.sl_user' doesn't exist
2020-03-24 15:47:26 | 1585036046.8502 | ERROR | File: /project/miniSwoole/library/core/Model.php
2020-03-24 15:47:26 | 1585036046.8522 | ERROR | Line: 521
2020-03-24 15:47:26 | 1585036046.8541 | ERROR | SQL: SELECT `id`, `username`, `password` FROM `sl_user`
2020-03-24 15:47:26 | 1585036046.8560 | ERROR | ================================================================================
2020-03-24 15:47:27 | 1585036047.2619 | ERROR | ErrorNO: 9999
2020-03-24 15:47:27 | 1585036047.2647 | ERROR | Error: Table 'tongshang.sl_user' doesn't exist
2020-03-24 15:47:27 | 1585036047.2668 | ERROR | File: /project/miniSwoole/library/core/Model.php
2020-03-24 15:47:27 | 1585036047.2690 | ERROR | Line: 521
2020-03-24 15:47:27 | 1585036047.2711 | ERROR | SQL: SELECT `id`, `username`, `password` FROM `sl_user`
2020-03-24 15:47:27 | 1585036047.2731 | ERROR | ================================================================================
2020-03-24 15:53:03 | 1585036383.8705 | ERROR | ErrorNO: 9999
2020-03-24 15:53:03 | 1585036383.8749 | ERROR | Error: Table 'tongshang.sl_news' doesn't exist
2020-03-24 15:53:03 | 1585036383.8767 | ERROR | File: /project/miniSwoole/library/core/Model.php
2020-03-24 15:53:03 | 1585036383.8785 | ERROR | Line: 521
2020-03-24 15:53:03 | 1585036383.8804 | ERROR | SQL: SELECT * FROM `sl_news` LIMIT 0, 10
2020-03-24 15:53:03 | 1585036383.8824 | ERROR | ================================================================================
2020-03-24 15:53:37 | 1585036417.8099 | ERROR | ErrorNO: 9999
2020-03-24 15:53:37 | 1585036417.8144 | ERROR | Error: Table 'tongshang.sl_news' doesn't exist
2020-03-24 15:53:37 | 1585036417.8164 | ERROR | File: /project/miniSwoole/library/core/Model.php
2020-03-24 15:53:37 | 1585036417.8185 | ERROR | Line: 521
2020-03-24 15:53:37 | 1585036417.8204 | ERROR | SQL: SELECT * FROM `sl_news` LIMIT 0, 10
2020-03-24 15:53:37 | 1585036417.8227 | ERROR | ================================================================================
2020-03-24 15:54:24 | 1585036464.2635 | ERROR | ErrorNO: 9999
2020-03-24 15:54:24 | 1585036464.2678 | ERROR | Error: Table 'tongshang.sl_news' doesn't exist
2020-03-24 15:54:24 | 1585036464.2698 | ERROR | File: /project/miniSwoole/library/core/Model.php
2020-03-24 15:54:24 | 1585036464.2718 | ERROR | Line: 521
2020-03-24 15:54:24 | 1585036464.2738 | ERROR | SQL: SELECT * FROM `sl_news` LIMIT 0, 10
2020-03-24 15:54:24 | 1585036464.2758 | ERROR | ================================================================================
2020-03-24 15:54:24 | 1585036464.8484 | ERROR | ErrorNO: 9999
2020-03-24 15:54:24 | 1585036464.8510 | ERROR | Error: Table 'tongshang.sl_news' doesn't exist
2020-03-24 15:54:24 | 1585036464.8529 | ERROR | File: /project/miniSwoole/library/core/Model.php
2020-03-24 15:54:24 | 1585036464.8550 | ERROR | Line: 521
2020-03-24 15:54:24 | 1585036464.8571 | ERROR | SQL: SELECT * FROM `sl_news` LIMIT 0, 10
2020-03-24 15:54:24 | 1585036464.8591 | ERROR | ================================================================================
2020-03-24 15:54:26 | 1585036466.6697 | ERROR | ErrorNO: 9999
2020-03-24 15:54:26 | 1585036466.6720 | ERROR | Error: Table 'tongshang.sl_news' doesn't exist
2020-03-24 15:54:26 | 1585036466.6739 | ERROR | File: /project/miniSwoole/library/core/Model.php
2020-03-24 15:54:26 | 1585036466.6759 | ERROR | Line: 521
2020-03-24 15:54:26 | 1585036466.6778 | ERROR | SQL: SELECT * FROM `sl_news` LIMIT 0, 10
2020-03-24 15:54:26 | 1585036466.6799 | ERROR | ================================================================================
2020-03-24 15:54:38 | 1585036478.2027 | ERROR | ErrorNO: 9999
2020-03-24 15:54:38 | 1585036478.2055 | ERROR | Error: Table 'tongshang.sl_user' doesn't exist
2020-03-24 15:54:38 | 1585036478.2075 | ERROR | File: /project/miniSwoole/library/core/Model.php
2020-03-24 15:54:38 | 1585036478.2093 | ERROR | Line: 521
2020-03-24 15:54:38 | 1585036478.2111 | ERROR | SQL: SELECT `id`, `username`, `password` FROM `sl_user`
2020-03-24 15:54:38 | 1585036478.2129 | ERROR | ================================================================================
2020-03-24 15:54:51 | 1585036491.7994 | ERROR | ErrorNO: 9999
2020-03-24 15:54:51 | 1585036491.8038 | ERROR | Error: Table 'tongshang.sl_user' doesn't exist
2020-03-24 15:54:51 | 1585036491.8061 | ERROR | File: /project/miniSwoole/library/core/Model.php
2020-03-24 15:54:51 | 1585036491.8078 | ERROR | Line: 521
2020-03-24 15:54:51 | 1585036491.8098 | ERROR | SQL: SELECT `id`, `username`, `password` FROM `sl_user`
2020-03-24 15:54:51 | 1585036491.8118 | ERROR | ================================================================================
2020-03-24 15:54:52 | 1585036492.5474 | ERROR | ErrorNO: 9999
2020-03-24 15:54:52 | 1585036492.5495 | ERROR | Error: Table 'tongshang.sl_user' doesn't exist
2020-03-24 15:54:52 | 1585036492.5514 | ERROR | File: /project/miniSwoole/library/core/Model.php
2020-03-24 15:54:52 | 1585036492.5530 | ERROR | Line: 521
2020-03-24 15:54:52 | 1585036492.5549 | ERROR | SQL: SELECT `id`, `username`, `password` FROM `sl_user`
2020-03-24 15:54:52 | 1585036492.5570 | ERROR | ================================================================================
2020-03-24 15:54:57 | 1585036497.2098 | ERROR | ErrorNO: 9999
2020-03-24 15:54:57 | 1585036497.2118 | ERROR | Error: Table 'tongshang.sl_news' doesn't exist
2020-03-24 15:54:57 | 1585036497.2140 | ERROR | File: /project/miniSwoole/library/core/Model.php
2020-03-24 15:54:57 | 1585036497.2155 | ERROR | Line: 521
2020-03-24 15:54:57 | 1585036497.2170 | ERROR | SQL: SELECT * FROM `sl_news` LIMIT 0, 10
2020-03-24 15:54:57 | 1585036497.2186 | ERROR | ================================================================================
2020-03-24 15:55:02 | 1585036502.7301 | ERROR | ErrorNO: 9999
2020-03-24 15:55:02 | 1585036502.7321 | ERROR | Error: Table 'tongshang.sl_user' doesn't exist
2020-03-24 15:55:02 | 1585036502.7344 | ERROR | File: /project/miniSwoole/library/core/Model.php
2020-03-24 15:55:02 | 1585036502.7361 | ERROR | Line: 521
2020-03-24 15:55:02 | 1585036502.7377 | ERROR | SQL: SELECT `id`, `username`, `password` FROM `sl_user`
2020-03-24 15:55:02 | 1585036502.7395 | ERROR | ================================================================================
2020-03-24 15:55:21 | 1585036521.1694 | ERROR | ErrorNO: 9999
2020-03-24 15:55:21 | 1585036521.1721 | ERROR | Error: Table 'tongshang.sl_user' doesn't exist
2020-03-24 15:55:21 | 1585036521.1737 | ERROR | File: /project/miniSwoole/library/core/Model.php
2020-03-24 15:55:21 | 1585036521.1754 | ERROR | Line: 521
2020-03-24 15:55:21 | 1585036521.1772 | ERROR | SQL: SELECT `id`, `username`, `password` FROM `sl_user`
2020-03-24 15:55:21 | 1585036521.1790 | ERROR | ================================================================================
2020-03-24 15:55:29 | 1585036529.7062 | ERROR | ErrorNO: 9999
2020-03-24 15:55:29 | 1585036529.7091 | ERROR | Error: Table 'tongshang.sl_user' doesn't exist
2020-03-24 15:55:29 | 1585036529.7109 | ERROR | File: /project/miniSwoole/library/core/Model.php
2020-03-24 15:55:29 | 1585036529.7129 | ERROR | Line: 521
2020-03-24 15:55:29 | 1585036529.7148 | ERROR | SQL: SELECT * FROM `sl_user` LIMIT 1
2020-03-24 15:55:29 | 1585036529.7168 | ERROR | ================================================================================
2020-03-24 15:56:01 | 1585036561.3088 | ERROR | ErrorNO: 9999
2020-03-24 15:56:01 | 1585036561.3117 | ERROR | Error: Table 'tongshang.sl_news' doesn't exist
2020-03-24 15:56:01 | 1585036561.3135 | ERROR | File: /project/miniSwoole/library/core/Model.php
2020-03-24 15:56:01 | 1585036561.3156 | ERROR | Line: 521
2020-03-24 15:56:01 | 1585036561.3255 | ERROR | SQL: SELECT * FROM `sl_news` LIMIT 0, 10
2020-03-24 15:56:01 | 1585036561.3276 | ERROR | ================================================================================
2020-03-24 15:56:05 | 1585036565.4649 | ERROR | ErrorNO: 9999
2020-03-24 15:56:05 | 1585036565.4673 | ERROR | Error: Table 'tongshang.sl_news' doesn't exist
2020-03-24 15:56:05 | 1585036565.4699 | ERROR | File: /project/miniSwoole/library/core/Model.php
2020-03-24 15:56:05 | 1585036565.4719 | ERROR | Line: 521
2020-03-24 15:56:05 | 1585036565.4740 | ERROR | SQL: SELECT * FROM `sl_news` LIMIT 0, 10
2020-03-24 15:56:05 | 1585036565.4761 | ERROR | ================================================================================
2020-03-24 15:57:03 | 1585036623.5731 | ERROR | ErrorNO: 9999
2020-03-24 15:57:03 | 1585036623.5769 | ERROR | Error: Table 'tongshang.sl_news' doesn't exist
2020-03-24 15:57:03 | 1585036623.5789 | ERROR | File: /project/miniSwoole/library/core/Model.php
2020-03-24 15:57:03 | 1585036623.5808 | ERROR | Line: 521
2020-03-24 15:57:03 | 1585036623.5829 | ERROR | SQL: SELECT * FROM `sl_news` LIMIT 0, 10
2020-03-24 15:57:03 | 1585036623.5848 | ERROR | ================================================================================
2020-03-24 15:57:07 | 1585036627.6919 | ERROR | ErrorNO: 9999
2020-03-24 15:57:07 | 1585036627.6940 | ERROR | Error: Table 'tongshang.sl_news' doesn't exist
2020-03-24 15:57:07 | 1585036627.6969 | ERROR | File: /project/miniSwoole/library/core/Model.php
2020-03-24 15:57:07 | 1585036627.6990 | ERROR | Line: 521
2020-03-24 15:57:07 | 1585036627.7008 | ERROR | SQL: SELECT * FROM `sl_news` LIMIT 0, 10
2020-03-24 15:57:07 | 1585036627.7028 | ERROR | ================================================================================
2020-03-24 15:57:41 | 1585036661.5595 | ERROR | ErrorNO: 9999
2020-03-24 15:57:41 | 1585036661.5638 | ERROR | Error: Table 'tongshang.sl_news' doesn't exist
2020-03-24 15:57:41 | 1585036661.5658 | ERROR | File: /project/miniSwoole/library/core/Model.php
2020-03-24 15:57:41 | 1585036661.5678 | ERROR | Line: 521
2020-03-24 15:57:41 | 1585036661.5697 | ERROR | SQL: SELECT * FROM `sl_news` LIMIT 0, 10
2020-03-24 15:57:41 | 1585036661.5714 | ERROR | ================================================================================
2020-03-24 15:57:47 | 1585036667.3603 | ERROR | ErrorNO: 9999
2020-03-24 15:57:47 | 1585036667.3626 | ERROR | Error: Table 'tongshang.sl_news' doesn't exist
2020-03-24 15:57:47 | 1585036667.3655 | ERROR | File: /project/miniSwoole/library/core/Model.php
2020-03-24 15:57:47 | 1585036667.3673 | ERROR | Line: 521
2020-03-24 15:57:47 | 1585036667.3694 | ERROR | SQL: SELECT * FROM `sl_news` LIMIT 0, 10
2020-03-24 15:57:47 | 1585036667.3712 | ERROR | ================================================================================
2020-03-24 15:59:25 | 1585036765.5761 | ERROR | ErrorNO: 9999
2020-03-24 15:59:25 | 1585036765.5804 | ERROR | Error: Table 'tongshang.sl_news' doesn't exist
2020-03-24 15:59:25 | 1585036765.5824 | ERROR | File: /project/miniSwoole/library/core/Model.php
2020-03-24 15:59:25 | 1585036765.5842 | ERROR | Line: 521
2020-03-24 15:59:25 | 1585036765.5862 | ERROR | SQL: SELECT * FROM `sl_news` LIMIT 0, 10
2020-03-24 15:59:25 | 1585036765.5882 | ERROR | ================================================================================
2020-03-24 16:01:29 | 1585036889.3362 | ERROR | ErrorNO: 9999
2020-03-24 16:01:29 | 1585036889.3397 | ERROR | Error: Table 'tongshang.sl_user' doesn't exist
2020-03-24 16:01:29 | 1585036889.3497 | ERROR | File: /project/miniSwoole/library/core/Model.php
2020-03-24 16:01:29 | 1585036889.3518 | ERROR | Line: 521
2020-03-24 16:01:29 | 1585036889.3537 | ERROR | SQL: SELECT `id`, `username`, `password` FROM `sl_user`
2020-03-24 16:01:29 | 1585036889.3557 | ERROR | ================================================================================
2020-03-24 16:02:02 | 1585036922.9683 | ERROR | ErrorNO: 9999
2020-03-24 16:02:02 | 1585036922.9729 | ERROR | Error: Table 'tongshang.sl_user' doesn't exist
2020-03-24 16:02:02 | 1585036922.9749 | ERROR | File: /project/miniSwoole/library/core/Model.php
2020-03-24 16:02:02 | 1585036922.9770 | ERROR | Line: 521
2020-03-24 16:02:02 | 1585036922.9791 | ERROR | SQL: SELECT `id`, `username`, `password` FROM `sl_user`
2020-03-24 16:02:02 | 1585036922.9811 | ERROR | ================================================================================
2020-03-24 16:02:06 | 1585036926.1747 | ERROR | ErrorNO: 9999
2020-03-24 16:02:06 | 1585036926.1771 | ERROR | Error: Table 'tongshang.sl_news' doesn't exist
2020-03-24 16:02:06 | 1585036926.1799 | ERROR | File: /project/miniSwoole/library/core/Model.php
2020-03-24 16:02:06 | 1585036926.1819 | ERROR | Line: 521
2020-03-24 16:02:06 | 1585036926.1841 | ERROR | SQL: SELECT * FROM `sl_news` LIMIT 0, 10
2020-03-24 16:02:06 | 1585036926.1860 | ERROR | ================================================================================
2020-03-24 16:04:31 | 1585037071.0852 | ERROR | ErrorNO: 9999
2020-03-24 16:04:31 | 1585037071.0893 | ERROR | Error: Table 'tongshang.sl_news' doesn't exist
2020-03-24 16:04:31 | 1585037071.0912 | ERROR | File: /project/miniSwoole/library/core/Model.php
2020-03-24 16:04:31 | 1585037071.0931 | ERROR | Line: 521
2020-03-24 16:04:31 | 1585037071.0950 | ERROR | SQL: SELECT * FROM `sl_news` LIMIT 0, 10
2020-03-24 16:04:31 | 1585037071.0969 | ERROR | ================================================================================
2020-03-24 16:04:33 | 1585037073.7818 | ERROR | ErrorNO: 9999
2020-03-24 16:04:33 | 1585037073.7841 | ERROR | Error: Table 'tongshang.sl_user' doesn't exist
2020-03-24 16:04:33 | 1585037073.7859 | ERROR | File: /project/miniSwoole/library/core/Model.php
2020-03-24 16:04:33 | 1585037073.7880 | ERROR | Line: 521
2020-03-24 16:04:33 | 1585037073.7898 | ERROR | SQL: SELECT `id`, `username`, `password` FROM `sl_user`
2020-03-24 16:04:33 | 1585037073.7915 | ERROR | ================================================================================
2020-03-24 16:05:04 | 1585037104.1816 | ERROR | ErrorNO: 9999
2020-03-24 16:05:04 | 1585037104.1862 | ERROR | Error: Table 'tongshang.sl_user' doesn't exist
2020-03-24 16:05:04 | 1585037104.1881 | ERROR | File: /project/miniSwoole/library/core/Model.php
2020-03-24 16:05:04 | 1585037104.1901 | ERROR | Line: 521
2020-03-24 16:05:04 | 1585037104.1919 | ERROR | SQL: SELECT `id`, `username`, `password` FROM `sl_user`
2020-03-24 16:05:04 | 1585037104.1941 | ERROR | ================================================================================
2020-03-24 16:05:05 | 1585037105.2756 | ERROR | ErrorNO: 9999
2020-03-24 16:05:05 | 1585037105.2778 | ERROR | Error: Table 'tongshang.sl_user' doesn't exist
2020-03-24 16:05:05 | 1585037105.2798 | ERROR | File: /project/miniSwoole/library/core/Model.php
2020-03-24 16:05:05 | 1585037105.2818 | ERROR | Line: 521
2020-03-24 16:05:05 | 1585037105.2838 | ERROR | SQL: SELECT `id`, `username`, `password` FROM `sl_user`
2020-03-24 16:05:05 | 1585037105.2859 | ERROR | ================================================================================
2020-03-24 16:05:07 | 1585037107.1125 | ERROR | ErrorNO: 9999
2020-03-24 16:05:07 | 1585037107.1148 | ERROR | Error: Table 'tongshang.sl_news' doesn't exist
2020-03-24 16:05:07 | 1585037107.1170 | ERROR | File: /project/miniSwoole/library/core/Model.php
2020-03-24 16:05:07 | 1585037107.1189 | ERROR | Line: 521
2020-03-24 16:05:07 | 1585037107.1209 | ERROR | SQL: SELECT * FROM `sl_news` LIMIT 0, 10
2020-03-24 16:05:07 | 1585037107.1228 | ERROR | ================================================================================
2020-03-24 16:05:10 | 1585037110.3385 | ERROR | ErrorNO: 9999
2020-03-24 16:05:10 | 1585037110.3413 | ERROR | Error: Table 'tongshang.sl_user' doesn't exist
2020-03-24 16:05:10 | 1585037110.3431 | ERROR | File: /project/miniSwoole/library/core/Model.php
2020-03-24 16:05:10 | 1585037110.3451 | ERROR | Line: 521
2020-03-24 16:05:10 | 1585037110.3471 | ERROR | SQL: SELECT `id`, `username`, `password` FROM `sl_user`
2020-03-24 16:05:10 | 1585037110.3491 | ERROR | ================================================================================
2020-03-24 16:05:13 | 1585037113.5709 | ERROR | ErrorNO: 9999
2020-03-24 16:05:13 | 1585037113.5731 | ERROR | Error: Table 'tongshang.sl_news' doesn't exist
2020-03-24 16:05:13 | 1585037113.5756 | ERROR | File: /project/miniSwoole/library/core/Model.php
2020-03-24 16:05:13 | 1585037113.5782 | ERROR | Line: 521
2020-03-24 16:05:13 | 1585037113.5802 | ERROR | SQL: SELECT * FROM `sl_news` LIMIT 0, 10
2020-03-24 16:05:13 | 1585037113.5823 | ERROR | ================================================================================
2020-03-24 17:10:08 | 1585041008.6019 | ERROR | ErrorNO: 9999
2020-03-24 17:10:08 | 1585041008.6055 | ERROR | Error: Table 'tongshang.sl_news' doesn't exist
2020-03-24 17:10:08 | 1585041008.6077 | ERROR | File: /project/miniSwoole/library/core/Model.php
2020-03-24 17:10:08 | 1585041008.6096 | ERROR | Line: 521
2020-03-24 17:10:08 | 1585041008.6114 | ERROR | SQL: SELECT * FROM `sl_news` LIMIT 0, 10
2020-03-24 17:10:08 | 1585041008.6132 | ERROR | ================================================================================
2020-03-24 17:12:14 | 1585041134.0917 | ERROR | ErrorNO: 9999
2020-03-24 17:12:14 | 1585041134.0958 | ERROR | Error: Table 'tongshang.sl_news' doesn't exist
2020-03-24 17:12:14 | 1585041134.0974 | ERROR | File: /project/miniSwoole/library/core/Model.php
2020-03-24 17:12:14 | 1585041134.0990 | ERROR | Line: 521
2020-03-24 17:12:14 | 1585041134.1008 | ERROR | SQL: SELECT * FROM `sl_news` LIMIT 0, 10
2020-03-24 17:12:14 | 1585041134.1028 | ERROR | ================================================================================
2020-03-24 17:12:22 | 1585041142.9361 | ERROR | ErrorNO: 9999
2020-03-24 17:12:22 | 1585041142.9389 | ERROR | Error: Table 'tongshang.sl_user' doesn't exist
2020-03-24 17:12:22 | 1585041142.9408 | ERROR | File: /project/miniSwoole/library/core/Model.php
2020-03-24 17:12:22 | 1585041142.9426 | ERROR | Line: 521
2020-03-24 17:12:22 | 1585041142.9445 | ERROR | SQL: SELECT `id`, `username`, `password` FROM `sl_user`
2020-03-24 17:12:22 | 1585041142.9465 | ERROR | ================================================================================
