2020-03-21 14:38:47 | 1584772727.1576 | INFO | ======= HTTP master start =======
2020-03-21 14:38:47 | 1584772727.2786 | INFO | Success to init MySQL instance
2020-03-21 14:38:47 | 1584772727.2791 | INFO | Success to init MySQL instance
2020-03-21 14:38:47 | 1584772727.2852 | INFO | Success to init MySQL instance
2020-03-21 14:38:47 | 1584772727.2864 | INFO | Success to init Redis instance
2020-03-21 14:38:47 | 1584772727.2880 | INFO | Success to init Redis instance
2020-03-21 14:38:47 | 1584772727.2894 | INFO | Worker 1 ready for connections ...
2020-03-21 14:38:47 | 1584772727.2912 | INFO | Worker 0 ready for connections ...
2020-03-21 14:40:12 | 1584772812.4960 | INFO | Heartbeating process ......
2020-03-21 14:40:12 | 1584772812.5003 | INFO | Process config => {"Mini_Swoole_importer":{"num":1,"mysql":true,"redis":true,"callback":["Importer","run"]}}
2020-03-21 14:40:12 | 1584772812.5248 | WARN | Heartbeat: Mini_Swoole_importer is DOWN, restarting ......
2020-03-21 14:40:12 | 1584772812.5268 | INFO | Forking Mini_Swoole_importer......
2020-03-21 14:40:12 | 1584772812.5291 | INFO | Process Mini_Swoole_importer with pid 25242 is running !
2020-03-21 14:40:12 | 1584772812.5350 | INFO | Success to init MySQL instance
2020-03-21 14:40:12 | 1584772812.5388 | INFO | Success to init MySQL instance
2020-03-21 14:40:12 | 1584772812.5415 | INFO | Success to init Redis instance
2020-03-21 14:40:12 | 1584772812.5463 | INFO | Importer process is ready !
2020-03-21 14:40:12 | 1584772812.5485 | INFO | Time in Importer::run => 2020-03-21 14:40:12
2020-03-21 14:40:13 | 1584772813.5520 | INFO | Time in Importer::run => 2020-03-21 14:40:13
2020-03-21 14:40:13 | 1584772813.8245 | INFO | Heartbeating process ......
2020-03-21 14:40:13 | 1584772813.8267 | INFO | Process config => {"Mini_Swoole_importer":{"num":1,"mysql":true,"redis":true,"callback":["Importer","run"]}}
2020-03-21 14:40:13 | 1584772813.8517 | INFO | Heartbeat: Mini_Swoole_importer is running
2020-03-21 14:40:14 | 1584772814.5549 | INFO | Time in Importer::run => 2020-03-21 14:40:14
2020-03-21 14:40:15 | 1584772815.5581 | INFO | Time in Importer::run => 2020-03-21 14:40:15
2020-03-21 14:40:16 | 1584772816.5617 | INFO | Time in Importer::run => 2020-03-21 14:40:16
2020-03-21 14:40:17 | 1584772817.5657 | INFO | Time in Importer::run => 2020-03-21 14:40:17
2020-03-21 14:40:18 | 1584772818.5694 | INFO | Time in Importer::run => 2020-03-21 14:40:18
2020-03-21 14:40:19 | 1584772819.5734 | INFO | Time in Importer::run => 2020-03-21 14:40:19
2020-03-21 14:40:20 | 1584772820.5767 | INFO | Time in Importer::run => 2020-03-21 14:40:20
2020-03-21 14:40:21 | 1584772821.5794 | INFO | Time in Importer::run => 2020-03-21 14:40:21
2020-03-21 14:40:22 | 1584772822.5839 | INFO | Time in Importer::run => 2020-03-21 14:40:22
2020-03-21 14:40:23 | 1584772823.5866 | INFO | Time in Importer::run => 2020-03-21 14:40:23
2020-03-21 14:40:24 | 1584772824.5897 | INFO | Time in Importer::run => 2020-03-21 14:40:24
2020-03-21 14:40:25 | 1584772825.5933 | INFO | Time in Importer::run => 2020-03-21 14:40:25
2020-03-21 14:40:26 | 1584772826.5968 | INFO | Time in Importer::run => 2020-03-21 14:40:26
2020-03-21 14:40:27 | 1584772827.6011 | INFO | Time in Importer::run => 2020-03-21 14:40:27
2020-03-21 14:40:28 | 1584772828.6058 | INFO | Time in Importer::run => 2020-03-21 14:40:28
2020-03-21 14:40:29 | 1584772829.6098 | INFO | Time in Importer::run => 2020-03-21 14:40:29
2020-03-21 14:40:30 | 1584772830.6133 | INFO | Time in Importer::run => 2020-03-21 14:40:30
2020-03-21 14:40:31 | 1584772831.6170 | INFO | Time in Importer::run => 2020-03-21 14:40:31
2020-03-21 14:40:32 | 1584772832.6196 | INFO | Time in Importer::run => 2020-03-21 14:40:32
2020-03-21 14:40:33 | 1584772833.6229 | INFO | Time in Importer::run => 2020-03-21 14:40:33
2020-03-21 14:40:34 | 1584772834.6269 | INFO | Time in Importer::run => 2020-03-21 14:40:34
2020-03-21 14:40:35 | 1584772835.6302 | INFO | Time in Importer::run => 2020-03-21 14:40:35
2020-03-21 14:40:36 | 1584772836.6339 | INFO | Time in Importer::run => 2020-03-21 14:40:36
2020-03-21 14:40:37 | 1584772837.6377 | INFO | Time in Importer::run => 2020-03-21 14:40:37
2020-03-21 14:40:38 | 1584772838.6408 | INFO | Time in Importer::run => 2020-03-21 14:40:38
2020-03-21 14:40:39 | 1584772839.6442 | INFO | Time in Importer::run => 2020-03-21 14:40:39
2020-03-21 14:40:40 | 1584772840.6484 | INFO | Time in Importer::run => 2020-03-21 14:40:40
2020-03-21 14:40:41 | 1584772841.6520 | INFO | Time in Importer::run => 2020-03-21 14:40:41
2020-03-21 14:40:42 | 1584772842.6551 | INFO | Time in Importer::run => 2020-03-21 14:40:42
2020-03-21 14:40:43 | 1584772843.6588 | INFO | Time in Importer::run => 2020-03-21 14:40:43
2020-03-21 14:40:44 | 1584772844.6630 | INFO | Time in Importer::run => 2020-03-21 14:40:44
2020-03-21 14:40:45 | 1584772845.6674 | INFO | Time in Importer::run => 2020-03-21 14:40:45
2020-03-21 14:40:46 | 1584772846.6719 | INFO | Time in Importer::run => 2020-03-21 14:40:46
2020-03-21 14:40:47 | 1584772847.6749 | INFO | Time in Importer::run => 2020-03-21 14:40:47
2020-03-21 14:40:48 | 1584772848.6777 | INFO | Time in Importer::run => 2020-03-21 14:40:48
2020-03-21 14:40:49 | 1584772849.6817 | INFO | Time in Importer::run => 2020-03-21 14:40:49
2020-03-21 14:40:50 | 1584772850.6854 | INFO | Time in Importer::run => 2020-03-21 14:40:50
2020-03-21 14:40:51 | 1584772851.6892 | INFO | Time in Importer::run => 2020-03-21 14:40:51
2020-03-21 14:40:52 | 1584772852.6938 | INFO | Time in Importer::run => 2020-03-21 14:40:52
2020-03-21 14:40:53 | 1584772853.6976 | INFO | Time in Importer::run => 2020-03-21 14:40:53
2020-03-21 14:40:54 | 1584772854.7012 | INFO | Time in Importer::run => 2020-03-21 14:40:54
2020-03-21 14:40:55 | 1584772855.7054 | INFO | Time in Importer::run => 2020-03-21 14:40:55
2020-03-21 14:40:56 | 1584772856.7090 | INFO | Time in Importer::run => 2020-03-21 14:40:56
2020-03-21 14:40:57 | 1584772857.7135 | INFO | Time in Importer::run => 2020-03-21 14:40:57
2020-03-21 14:40:58 | 1584772858.7181 | INFO | Time in Importer::run => 2020-03-21 14:40:58
2020-03-21 14:40:59 | 1584772859.7224 | INFO | Time in Importer::run => 2020-03-21 14:40:59
2020-03-21 14:41:00 | 1584772860.7272 | INFO | Time in Importer::run => 2020-03-21 14:41:00
2020-03-21 14:41:01 | 1584772861.7321 | INFO | Time in Importer::run => 2020-03-21 14:41:01
2020-03-21 14:41:02 | 1584772862.7361 | INFO | Time in Importer::run => 2020-03-21 14:41:02
2020-03-21 14:41:03 | 1584772863.7400 | INFO | Time in Importer::run => 2020-03-21 14:41:03
2020-03-21 14:41:04 | 1584772864.7439 | INFO | Time in Importer::run => 2020-03-21 14:41:04
2020-03-21 14:41:05 | 1584772865.7478 | INFO | Time in Importer::run => 2020-03-21 14:41:05
2020-03-21 14:41:06 | 1584772866.7531 | INFO | Time in Importer::run => 2020-03-21 14:41:06
2020-03-21 14:41:07 | 1584772867.7583 | INFO | Time in Importer::run => 2020-03-21 14:41:07
2020-03-21 14:41:08 | 1584772868.7630 | INFO | Time in Importer::run => 2020-03-21 14:41:08
2020-03-21 14:41:09 | 1584772869.7666 | INFO | Time in Importer::run => 2020-03-21 14:41:09
2020-03-21 14:41:10 | 1584772870.7724 | INFO | Time in Importer::run => 2020-03-21 14:41:10
2020-03-21 14:41:11 | 1584772871.7759 | INFO | Time in Importer::run => 2020-03-21 14:41:11
2020-03-21 14:41:12 | 1584772872.7802 | INFO | Time in Importer::run => 2020-03-21 14:41:12
2020-03-21 14:41:13 | 1584772873.7851 | INFO | Time in Importer::run => 2020-03-21 14:41:13
2020-03-21 14:41:14 | 1584772874.7885 | INFO | Time in Importer::run => 2020-03-21 14:41:14
2020-03-21 14:41:15 | 1584772875.7925 | INFO | Time in Importer::run => 2020-03-21 14:41:15
2020-03-21 14:41:16 | 1584772876.7962 | INFO | Time in Importer::run => 2020-03-21 14:41:16
2020-03-21 14:41:17 | 1584772877.8009 | INFO | Time in Importer::run => 2020-03-21 14:41:17
2020-03-21 14:41:18 | 1584772878.8054 | INFO | Time in Importer::run => 2020-03-21 14:41:18
2020-03-21 14:41:19 | 1584772879.8107 | INFO | Time in Importer::run => 2020-03-21 14:41:19
2020-03-21 14:41:20 | 1584772880.8145 | INFO | Time in Importer::run => 2020-03-21 14:41:20
2020-03-21 14:41:21 | 1584772881.8188 | INFO | Time in Importer::run => 2020-03-21 14:41:21
2020-03-21 14:41:22 | 1584772882.8240 | INFO | Time in Importer::run => 2020-03-21 14:41:22
2020-03-21 14:41:23 | 1584772883.8277 | INFO | Time in Importer::run => 2020-03-21 14:41:23
2020-03-21 14:41:24 | 1584772884.8313 | INFO | Time in Importer::run => 2020-03-21 14:41:24
2020-03-21 14:41:25 | 1584772885.8349 | INFO | Time in Importer::run => 2020-03-21 14:41:25
2020-03-21 14:41:26 | 1584772886.8377 | INFO | Time in Importer::run => 2020-03-21 14:41:26
2020-03-21 14:41:27 | 1584772887.8426 | INFO | Time in Importer::run => 2020-03-21 14:41:27
2020-03-21 14:41:28 | 1584772888.8484 | INFO | Time in Importer::run => 2020-03-21 14:41:28
2020-03-21 14:41:29 | 1584772889.8528 | INFO | Time in Importer::run => 2020-03-21 14:41:29
2020-03-21 14:41:30 | 1584772890.8563 | INFO | Time in Importer::run => 2020-03-21 14:41:30
2020-03-21 14:41:31 | 1584772891.8607 | INFO | Time in Importer::run => 2020-03-21 14:41:31
2020-03-21 14:41:32 | 1584772892.8651 | INFO | Time in Importer::run => 2020-03-21 14:41:32
2020-03-21 14:41:33 | 1584772893.8687 | INFO | Time in Importer::run => 2020-03-21 14:41:33
2020-03-21 14:41:34 | 1584772894.8727 | INFO | Time in Importer::run => 2020-03-21 14:41:34
2020-03-21 14:41:35 | 1584772895.8764 | INFO | Time in Importer::run => 2020-03-21 14:41:35
2020-03-21 14:41:36 | 1584772896.8822 | INFO | Time in Importer::run => 2020-03-21 14:41:36
2020-03-21 14:41:37 | 1584772897.8881 | INFO | Time in Importer::run => 2020-03-21 14:41:37
2020-03-21 14:41:38 | 1584772898.8928 | INFO | Time in Importer::run => 2020-03-21 14:41:38
2020-03-21 14:41:39 | 1584772899.8971 | INFO | Time in Importer::run => 2020-03-21 14:41:39
2020-03-21 14:41:40 | 1584772900.9016 | INFO | Time in Importer::run => 2020-03-21 14:41:40
[2020-03-21 06:41:41 #24444.1]	NOTICE	Server is shutdown now.
2020-03-21 14:41:41 | 1584772901.4007 | INFO | Worker 0 stop
2020-03-21 14:41:41 | 1584772901.4008 | INFO | Worker 1 stop
2020-03-21 14:41:41 | 1584772901.9052 | INFO | Time in Importer::run => 2020-03-21 14:41:41
2020-03-21 14:41:42 | 1584772902.9105 | INFO | Time in Importer::run => 2020-03-21 14:41:42
2020-03-21 14:41:43 | 1584772903.9173 | INFO | Time in Importer::run => 2020-03-21 14:41:43
2020-03-21 14:41:44 | 1584772904.9215 | INFO | Time in Importer::run => 2020-03-21 14:41:44
2020-03-21 14:41:45 | 1584772905.9255 | INFO | Time in Importer::run => 2020-03-21 14:41:45
2020-03-21 14:41:46 | 1584772906.9296 | INFO | Time in Importer::run => 2020-03-21 14:41:46
2020-03-21 14:41:47 | 1584772907.9322 | INFO | Time in Importer::run => 2020-03-21 14:41:47
2020-03-21 14:41:48 | 1584772908.9353 | INFO | Time in Importer::run => 2020-03-21 14:41:48
2020-03-21 14:41:49 | 1584772909.9406 | INFO | Time in Importer::run => 2020-03-21 14:41:49
2020-03-21 14:41:50 | 1584772910.9452 | INFO | Time in Importer::run => 2020-03-21 14:41:50
2020-03-21 14:41:51 | 1584772911.9489 | INFO | Time in Importer::run => 2020-03-21 14:41:51
2020-03-21 14:41:52 | 1584772912.9541 | INFO | Time in Importer::run => 2020-03-21 14:41:52
2020-03-21 14:41:53 | 1584772913.9584 | INFO | Time in Importer::run => 2020-03-21 14:41:53
2020-03-21 14:41:54 | 1584772914.1466 | INFO | ======= HTTP master start =======
2020-03-21 14:41:54 | 1584772914.2644 | INFO | Success to init MySQL instance
2020-03-21 14:41:54 | 1584772914.2655 | INFO | Success to init MySQL instance
2020-03-21 14:41:54 | 1584772914.2703 | INFO | Success to init MySQL instance
2020-03-21 14:41:54 | 1584772914.2717 | INFO | Success to init Redis instance
2020-03-21 14:41:54 | 1584772914.2732 | INFO | Success to init Redis instance
2020-03-21 14:41:54 | 1584772914.2761 | INFO | Worker 0 ready for connections ...
2020-03-21 14:41:54 | 1584772914.2763 | INFO | Worker 1 ready for connections ...
2020-03-21 14:41:54 | 1584772914.9624 | INFO | Time in Importer::run => 2020-03-21 14:41:54
2020-03-21 14:41:55 | 1584772915.9663 | INFO | Time in Importer::run => 2020-03-21 14:41:55
2020-03-21 14:41:56 | 1584772916.9693 | INFO | Time in Importer::run => 2020-03-21 14:41:56
2020-03-21 14:41:57 | 1584772917.9732 | INFO | Time in Importer::run => 2020-03-21 14:41:57
2020-03-21 14:41:58 | 1584772918.9787 | INFO | Time in Importer::run => 2020-03-21 14:41:58
2020-03-21 14:41:59 | 1584772919.9822 | INFO | Time in Importer::run => 2020-03-21 14:41:59
2020-03-21 14:42:00 | 1584772920.9856 | INFO | Time in Importer::run => 2020-03-21 14:42:00
2020-03-21 14:42:01 | 1584772921.9899 | INFO | Time in Importer::run => 2020-03-21 14:42:01
2020-03-21 14:42:02 | 1584772922.9937 | INFO | Time in Importer::run => 2020-03-21 14:42:02
2020-03-21 14:42:03 | 1584772923.9968 | INFO | Time in Importer::run => 2020-03-21 14:42:03
2020-03-21 14:42:05 | 1584772925.0002 | INFO | Time in Importer::run => 2020-03-21 14:42:04
2020-03-21 14:42:06 | 1584772926.0052 | INFO | Time in Importer::run => 2020-03-21 14:42:06
2020-03-21 14:42:07 | 1584772927.0106 | INFO | Time in Importer::run => 2020-03-21 14:42:07
2020-03-21 14:42:08 | 1584772928.0154 | INFO | Time in Importer::run => 2020-03-21 14:42:08
2020-03-21 14:42:09 | 1584772929.0201 | INFO | Time in Importer::run => 2020-03-21 14:42:09
2020-03-21 14:42:10 | 1584772930.0235 | INFO | Time in Importer::run => 2020-03-21 14:42:10
2020-03-21 14:42:11 | 1584772931.0276 | INFO | Time in Importer::run => 2020-03-21 14:42:11
2020-03-21 14:42:12 | 1584772932.0311 | INFO | Time in Importer::run => 2020-03-21 14:42:12
2020-03-21 14:42:13 | 1584772933.0347 | INFO | Time in Importer::run => 2020-03-21 14:42:13
2020-03-21 14:42:14 | 1584772934.0404 | INFO | Time in Importer::run => 2020-03-21 14:42:14
2020-03-21 14:42:15 | 1584772935.0455 | INFO | Time in Importer::run => 2020-03-21 14:42:15
2020-03-21 14:42:16 | 1584772936.0493 | INFO | Time in Importer::run => 2020-03-21 14:42:16
2020-03-21 14:42:17 | 1584772937.0545 | INFO | Time in Importer::run => 2020-03-21 14:42:17
2020-03-21 14:42:18 | 1584772938.0578 | INFO | Time in Importer::run => 2020-03-21 14:42:18
2020-03-21 14:42:19 | 1584772939.0619 | INFO | Time in Importer::run => 2020-03-21 14:42:19
2020-03-21 14:42:20 | 1584772940.0660 | INFO | Time in Importer::run => 2020-03-21 14:42:20
2020-03-21 14:42:21 | 1584772941.0695 | INFO | Time in Importer::run => 2020-03-21 14:42:21
2020-03-21 14:42:22 | 1584772942.0728 | INFO | Time in Importer::run => 2020-03-21 14:42:22
2020-03-21 14:42:23 | 1584772943.0766 | INFO | Time in Importer::run => 2020-03-21 14:42:23
2020-03-21 14:42:24 | 1584772944.0803 | INFO | Time in Importer::run => 2020-03-21 14:42:24
2020-03-21 14:42:25 | 1584772945.0844 | INFO | Time in Importer::run => 2020-03-21 14:42:25
2020-03-21 14:42:26 | 1584772946.0889 | INFO | Time in Importer::run => 2020-03-21 14:42:26
2020-03-21 14:42:27 | 1584772947.0930 | INFO | Time in Importer::run => 2020-03-21 14:42:27
2020-03-21 14:42:28 | 1584772948.0970 | INFO | Time in Importer::run => 2020-03-21 14:42:28
2020-03-21 14:42:29 | 1584772949.1018 | INFO | Time in Importer::run => 2020-03-21 14:42:29
2020-03-21 14:42:30 | 1584772950.1048 | INFO | Time in Importer::run => 2020-03-21 14:42:30
2020-03-21 14:42:31 | 1584772951.1076 | INFO | Time in Importer::run => 2020-03-21 14:42:31
2020-03-21 14:42:32 | 1584772952.1128 | INFO | Time in Importer::run => 2020-03-21 14:42:32
2020-03-21 14:42:33 | 1584772953.1173 | INFO | Time in Importer::run => 2020-03-21 14:42:33
2020-03-21 14:42:34 | 1584772954.1212 | INFO | Time in Importer::run => 2020-03-21 14:42:34
2020-03-21 14:42:35 | 1584772955.1257 | INFO | Time in Importer::run => 2020-03-21 14:42:35
2020-03-21 14:42:36 | 1584772956.1292 | INFO | Time in Importer::run => 2020-03-21 14:42:36
2020-03-21 14:42:37 | 1584772957.1325 | INFO | Time in Importer::run => 2020-03-21 14:42:37
2020-03-21 14:42:38 | 1584772958.1369 | INFO | Time in Importer::run => 2020-03-21 14:42:38
2020-03-21 14:42:39 | 1584772959.1403 | INFO | Time in Importer::run => 2020-03-21 14:42:39
2020-03-21 14:42:40 | 1584772960.1438 | INFO | Time in Importer::run => 2020-03-21 14:42:40
2020-03-21 14:42:41 | 1584772961.1487 | INFO | Time in Importer::run => 2020-03-21 14:42:41
2020-03-21 14:42:42 | 1584772962.1526 | INFO | Time in Importer::run => 2020-03-21 14:42:42
2020-03-21 14:42:43 | 1584772963.1559 | INFO | Time in Importer::run => 2020-03-21 14:42:43
2020-03-21 14:42:44 | 1584772964.1609 | INFO | Time in Importer::run => 2020-03-21 14:42:44
2020-03-21 14:42:45 | 1584772965.1638 | INFO | Time in Importer::run => 2020-03-21 14:42:45
2020-03-21 14:42:46 | 1584772966.1671 | INFO | Time in Importer::run => 2020-03-21 14:42:46
2020-03-21 14:42:47 | 1584772967.1712 | INFO | Time in Importer::run => 2020-03-21 14:42:47
2020-03-21 14:42:48 | 1584772968.1741 | INFO | Time in Importer::run => 2020-03-21 14:42:48
2020-03-21 14:42:49 | 1584772969.1772 | INFO | Time in Importer::run => 2020-03-21 14:42:49
2020-03-21 14:42:50 | 1584772970.1812 | INFO | Time in Importer::run => 2020-03-21 14:42:50
2020-03-21 14:42:51 | 1584772971.1847 | INFO | Time in Importer::run => 2020-03-21 14:42:51
2020-03-21 14:42:52 | 1584772972.1885 | INFO | Time in Importer::run => 2020-03-21 14:42:52
2020-03-21 14:42:53 | 1584772973.1930 | INFO | Time in Importer::run => 2020-03-21 14:42:53
2020-03-21 14:42:54 | 1584772974.1961 | INFO | Time in Importer::run => 2020-03-21 14:42:54
2020-03-21 14:42:55 | 1584772975.1993 | INFO | Time in Importer::run => 2020-03-21 14:42:55
2020-03-21 14:42:56 | 1584772976.2039 | INFO | Time in Importer::run => 2020-03-21 14:42:56
2020-03-21 14:42:57 | 1584772977.2076 | INFO | Time in Importer::run => 2020-03-21 14:42:57
2020-03-21 14:42:58 | 1584772978.2119 | INFO | Time in Importer::run => 2020-03-21 14:42:58
2020-03-21 14:42:59 | 1584772979.2166 | INFO | Time in Importer::run => 2020-03-21 14:42:59
2020-03-21 14:43:00 | 1584772980.2194 | INFO | Time in Importer::run => 2020-03-21 14:43:00
2020-03-21 14:43:01 | 1584772981.2235 | INFO | Time in Importer::run => 2020-03-21 14:43:01
2020-03-21 14:43:02 | 1584772982.2276 | INFO | Time in Importer::run => 2020-03-21 14:43:02
2020-03-21 14:43:03 | 1584772983.2307 | INFO | Time in Importer::run => 2020-03-21 14:43:03
2020-03-21 14:43:04 | 1584772984.2342 | INFO | Time in Importer::run => 2020-03-21 14:43:04
2020-03-21 14:43:05 | 1584772985.2388 | INFO | Time in Importer::run => 2020-03-21 14:43:05
2020-03-21 14:43:06 | 1584772986.2440 | INFO | Time in Importer::run => 2020-03-21 14:43:06
2020-03-21 14:43:07 | 1584772987.2485 | INFO | Time in Importer::run => 2020-03-21 14:43:07
2020-03-21 14:43:08 | 1584772988.2520 | INFO | Time in Importer::run => 2020-03-21 14:43:08
2020-03-21 14:43:09 | 1584772989.2560 | INFO | Time in Importer::run => 2020-03-21 14:43:09
2020-03-21 14:43:10 | 1584772990.2606 | INFO | Time in Importer::run => 2020-03-21 14:43:10
2020-03-21 14:43:11 | 1584772991.2651 | INFO | Time in Importer::run => 2020-03-21 14:43:11
2020-03-21 14:43:12 | 1584772992.2683 | INFO | Time in Importer::run => 2020-03-21 14:43:12
2020-03-21 14:43:13 | 1584772993.2718 | INFO | Time in Importer::run => 2020-03-21 14:43:13
2020-03-21 14:43:14 | 1584772994.2785 | INFO | Time in Importer::run => 2020-03-21 14:43:14
2020-03-21 14:43:15 | 1584772995.2839 | INFO | Time in Importer::run => 2020-03-21 14:43:15
2020-03-21 14:43:16 | 1584772996.2881 | INFO | Time in Importer::run => 2020-03-21 14:43:16
2020-03-21 14:43:17 | 1584772997.2915 | INFO | Time in Importer::run => 2020-03-21 14:43:17
2020-03-21 14:43:18 | 1584772998.2941 | INFO | Time in Importer::run => 2020-03-21 14:43:18
2020-03-21 14:43:19 | 1584772999.2967 | INFO | Time in Importer::run => 2020-03-21 14:43:19
2020-03-21 14:43:20 | 1584773000.3003 | INFO | Time in Importer::run => 2020-03-21 14:43:20
2020-03-21 14:43:21 | 1584773001.3034 | INFO | Time in Importer::run => 2020-03-21 14:43:21
2020-03-21 14:43:22 | 1584773002.3060 | INFO | Time in Importer::run => 2020-03-21 14:43:22
2020-03-21 14:43:23 | 1584773003.3099 | INFO | Time in Importer::run => 2020-03-21 14:43:23
2020-03-21 14:43:24 | 1584773004.3132 | INFO | Time in Importer::run => 2020-03-21 14:43:24
2020-03-21 14:43:25 | 1584773005.3171 | INFO | Time in Importer::run => 2020-03-21 14:43:25
2020-03-21 14:43:26 | 1584773006.3212 | INFO | Time in Importer::run => 2020-03-21 14:43:26
2020-03-21 14:43:27 | 1584773007.3251 | INFO | Time in Importer::run => 2020-03-21 14:43:27
2020-03-21 14:43:28 | 1584773008.3294 | INFO | Time in Importer::run => 2020-03-21 14:43:28
2020-03-21 14:43:29 | 1584773009.3338 | INFO | Time in Importer::run => 2020-03-21 14:43:29
2020-03-21 14:43:30 | 1584773010.3376 | INFO | Time in Importer::run => 2020-03-21 14:43:30
2020-03-21 14:43:31 | 1584773011.3409 | INFO | Time in Importer::run => 2020-03-21 14:43:31
2020-03-21 14:43:32 | 1584773012.3453 | INFO | Time in Importer::run => 2020-03-21 14:43:32
2020-03-21 14:43:33 | 1584773013.3487 | INFO | Time in Importer::run => 2020-03-21 14:43:33
2020-03-21 14:43:34 | 1584773014.3535 | INFO | Time in Importer::run => 2020-03-21 14:43:34
2020-03-21 14:43:35 | 1584773015.3580 | INFO | Time in Importer::run => 2020-03-21 14:43:35
2020-03-21 14:43:36 | 1584773016.3620 | INFO | Time in Importer::run => 2020-03-21 14:43:36
2020-03-21 14:43:37 | 1584773017.3656 | INFO | Time in Importer::run => 2020-03-21 14:43:37
2020-03-21 14:43:38 | 1584773018.3705 | INFO | Time in Importer::run => 2020-03-21 14:43:38
2020-03-21 14:43:39 | 1584773019.3743 | INFO | Time in Importer::run => 2020-03-21 14:43:39
2020-03-21 14:43:40 | 1584773020.3771 | INFO | Time in Importer::run => 2020-03-21 14:43:40
2020-03-21 14:43:41 | 1584773021.3816 | INFO | Time in Importer::run => 2020-03-21 14:43:41
2020-03-21 14:43:42 | 1584773022.3861 | INFO | Time in Importer::run => 2020-03-21 14:43:42
2020-03-21 14:43:43 | 1584773023.3906 | INFO | Time in Importer::run => 2020-03-21 14:43:43
2020-03-21 14:43:44 | 1584773024.3965 | INFO | Time in Importer::run => 2020-03-21 14:43:44
2020-03-21 14:43:45 | 1584773025.4008 | INFO | Time in Importer::run => 2020-03-21 14:43:45
2020-03-21 14:43:46 | 1584773026.4050 | INFO | Time in Importer::run => 2020-03-21 14:43:46
2020-03-21 14:43:47 | 1584773027.4095 | INFO | Time in Importer::run => 2020-03-21 14:43:47
2020-03-21 14:43:48 | 1584773028.4132 | INFO | Time in Importer::run => 2020-03-21 14:43:48
2020-03-21 14:43:49 | 1584773029.4168 | INFO | Time in Importer::run => 2020-03-21 14:43:49
2020-03-21 14:43:50 | 1584773030.4207 | INFO | Time in Importer::run => 2020-03-21 14:43:50
2020-03-21 14:43:51 | 1584773031.4258 | INFO | Time in Importer::run => 2020-03-21 14:43:51
2020-03-21 14:43:52 | 1584773032.4288 | INFO | Time in Importer::run => 2020-03-21 14:43:52
2020-03-21 14:43:53 | 1584773033.4346 | INFO | Time in Importer::run => 2020-03-21 14:43:53
2020-03-21 14:43:54 | 1584773034.4387 | INFO | Time in Importer::run => 2020-03-21 14:43:54
2020-03-21 14:43:55 | 1584773035.4429 | INFO | Time in Importer::run => 2020-03-21 14:43:55
2020-03-21 14:43:56 | 1584773036.4477 | INFO | Time in Importer::run => 2020-03-21 14:43:56
2020-03-21 14:43:57 | 1584773037.4517 | INFO | Time in Importer::run => 2020-03-21 14:43:57
2020-03-21 14:43:58 | 1584773038.4551 | INFO | Time in Importer::run => 2020-03-21 14:43:58
2020-03-21 14:43:59 | 1584773039.4594 | INFO | Time in Importer::run => 2020-03-21 14:43:59
2020-03-21 14:44:00 | 1584773040.4639 | INFO | Time in Importer::run => 2020-03-21 14:44:00
2020-03-21 14:44:01 | 1584773041.4688 | INFO | Time in Importer::run => 2020-03-21 14:44:01
2020-03-21 14:44:02 | 1584773042.4745 | INFO | Time in Importer::run => 2020-03-21 14:44:02
2020-03-21 14:44:03 | 1584773043.4791 | INFO | Time in Importer::run => 2020-03-21 14:44:03
2020-03-21 14:44:04 | 1584773044.4832 | INFO | Time in Importer::run => 2020-03-21 14:44:04
2020-03-21 14:44:05 | 1584773045.4877 | INFO | Time in Importer::run => 2020-03-21 14:44:05
2020-03-21 14:44:06 | 1584773046.4909 | INFO | Time in Importer::run => 2020-03-21 14:44:06
2020-03-21 14:44:07 | 1584773047.4957 | INFO | Time in Importer::run => 2020-03-21 14:44:07
[2020-03-21 06:44:07 #25398.1]	NOTICE	Server is shutdown now.
2020-03-21 14:44:07 | 1584773047.6597 | INFO | Worker 0 stop
2020-03-21 14:44:07 | 1584773047.6598 | INFO | Worker 1 stop
2020-03-21 14:44:08 | 1584773048.5001 | INFO | Time in Importer::run => 2020-03-21 14:44:08
2020-03-21 14:44:09 | 1584773049.5041 | INFO | Time in Importer::run => 2020-03-21 14:44:09
2020-03-21 14:44:10 | 1584773050.5086 | INFO | Time in Importer::run => 2020-03-21 14:44:10
2020-03-21 14:44:11 | 1584773051.5126 | INFO | Time in Importer::run => 2020-03-21 14:44:11
2020-03-21 14:44:12 | 1584773052.5158 | INFO | Time in Importer::run => 2020-03-21 14:44:12
2020-03-21 14:44:13 | 1584773053.5190 | INFO | Time in Importer::run => 2020-03-21 14:44:13
2020-03-21 14:44:14 | 1584773054.5236 | INFO | Time in Importer::run => 2020-03-21 14:44:14
2020-03-21 14:44:15 | 1584773055.5268 | INFO | Time in Importer::run => 2020-03-21 14:44:15
2020-03-21 14:44:16 | 1584773056.5306 | INFO | Time in Importer::run => 2020-03-21 14:44:16
2020-03-21 14:44:17 | 1584773057.5344 | INFO | Time in Importer::run => 2020-03-21 14:44:17
2020-03-21 14:44:18 | 1584773058.5377 | INFO | Time in Importer::run => 2020-03-21 14:44:18
2020-03-21 14:44:19 | 1584773059.5407 | INFO | Time in Importer::run => 2020-03-21 14:44:19
2020-03-21 14:44:20 | 1584773060.5455 | INFO | Time in Importer::run => 2020-03-21 14:44:20
2020-03-21 14:44:21 | 1584773061.5489 | INFO | Time in Importer::run => 2020-03-21 14:44:21
2020-03-21 14:44:22 | 1584773062.0726 | INFO | ======= HTTP master start =======
2020-03-21 14:44:22 | 1584773062.1901 | INFO | Success to init MySQL instance
2020-03-21 14:44:22 | 1584773062.1917 | INFO | Success to init MySQL instance
2020-03-21 14:44:22 | 1584773062.1948 | INFO | Success to init MySQL instance
2020-03-21 14:44:22 | 1584773062.1960 | INFO | Success to init Redis instance
2020-03-21 14:44:22 | 1584773062.1971 | INFO | Success to init Redis instance
2020-03-21 14:44:22 | 1584773062.1984 | INFO | Worker 1 ready for connections ...
2020-03-21 14:44:22 | 1584773062.1999 | INFO | Worker 0 ready for connections ...
2020-03-21 14:44:22 | 1584773062.5526 | INFO | Time in Importer::run => 2020-03-21 14:44:22
2020-03-21 14:44:23 | 1584773063.5562 | INFO | Time in Importer::run => 2020-03-21 14:44:23
2020-03-21 14:44:24 | 1584773064.5591 | INFO | Time in Importer::run => 2020-03-21 14:44:24
2020-03-21 14:44:25 | 1584773065.5620 | INFO | Time in Importer::run => 2020-03-21 14:44:25
2020-03-21 14:44:26 | 1584773066.5663 | INFO | Time in Importer::run => 2020-03-21 14:44:26
2020-03-21 14:44:27 | 1584773067.5701 | INFO | Time in Importer::run => 2020-03-21 14:44:27
2020-03-21 14:44:28 | 1584773068.5729 | INFO | Time in Importer::run => 2020-03-21 14:44:28
2020-03-21 14:44:29 | 1584773069.5771 | INFO | Time in Importer::run => 2020-03-21 14:44:29
2020-03-21 14:44:30 | 1584773070.5801 | INFO | Time in Importer::run => 2020-03-21 14:44:30
2020-03-21 14:44:31 | 1584773071.5841 | INFO | Time in Importer::run => 2020-03-21 14:44:31
2020-03-21 14:44:32 | 1584773072.5881 | INFO | Time in Importer::run => 2020-03-21 14:44:32
2020-03-21 14:44:33 | 1584773073.5915 | INFO | Time in Importer::run => 2020-03-21 14:44:33
2020-03-21 14:44:34 | 1584773074.5956 | INFO | Time in Importer::run => 2020-03-21 14:44:34
2020-03-21 14:44:35 | 1584773075.5990 | INFO | Time in Importer::run => 2020-03-21 14:44:35
2020-03-21 14:44:36 | 1584773076.6019 | INFO | Time in Importer::run => 2020-03-21 14:44:36
2020-03-21 14:44:37 | 1584773077.6054 | INFO | Time in Importer::run => 2020-03-21 14:44:37
2020-03-21 14:44:38 | 1584773078.6100 | INFO | Time in Importer::run => 2020-03-21 14:44:38
2020-03-21 14:44:39 | 1584773079.6135 | INFO | Time in Importer::run => 2020-03-21 14:44:39
2020-03-21 14:44:40 | 1584773080.6177 | INFO | Time in Importer::run => 2020-03-21 14:44:40
2020-03-21 14:44:41 | 1584773081.6229 | INFO | Time in Importer::run => 2020-03-21 14:44:41
2020-03-21 14:44:42 | 1584773082.6265 | INFO | Time in Importer::run => 2020-03-21 14:44:42
2020-03-21 14:44:43 | 1584773083.6308 | INFO | Time in Importer::run => 2020-03-21 14:44:43
2020-03-21 14:44:44 | 1584773084.6351 | INFO | Time in Importer::run => 2020-03-21 14:44:44
2020-03-21 14:44:45 | 1584773085.6391 | INFO | Time in Importer::run => 2020-03-21 14:44:45
2020-03-21 14:44:46 | 1584773086.6420 | INFO | Time in Importer::run => 2020-03-21 14:44:46
2020-03-21 14:44:47 | 1584773087.6456 | INFO | Time in Importer::run => 2020-03-21 14:44:47
2020-03-21 14:44:48 | 1584773088.6494 | INFO | Time in Importer::run => 2020-03-21 14:44:48
2020-03-21 14:44:49 | 1584773089.6530 | INFO | Time in Importer::run => 2020-03-21 14:44:49
2020-03-21 14:44:50 | 1584773090.6565 | INFO | Time in Importer::run => 2020-03-21 14:44:50
2020-03-21 14:44:51 | 1584773091.6596 | INFO | Time in Importer::run => 2020-03-21 14:44:51
2020-03-21 14:44:52 | 1584773092.6638 | INFO | Time in Importer::run => 2020-03-21 14:44:52
2020-03-21 14:44:53 | 1584773093.6682 | INFO | Time in Importer::run => 2020-03-21 14:44:53
2020-03-21 14:44:54 | 1584773094.6711 | INFO | Time in Importer::run => 2020-03-21 14:44:54
2020-03-21 14:44:55 | 1584773095.6756 | INFO | Time in Importer::run => 2020-03-21 14:44:55
2020-03-21 14:44:56 | 1584773096.6805 | INFO | Time in Importer::run => 2020-03-21 14:44:56
2020-03-21 14:44:57 | 1584773097.6840 | INFO | Time in Importer::run => 2020-03-21 14:44:57
2020-03-21 14:44:58 | 1584773098.6872 | INFO | Time in Importer::run => 2020-03-21 14:44:58
2020-03-21 14:44:59 | 1584773099.6913 | INFO | Time in Importer::run => 2020-03-21 14:44:59
2020-03-21 14:45:00 | 1584773100.6955 | INFO | Time in Importer::run => 2020-03-21 14:45:00
2020-03-21 14:45:01 | 1584773101.6985 | INFO | Time in Importer::run => 2020-03-21 14:45:01
2020-03-21 14:45:02 | 1584773102.7027 | INFO | Time in Importer::run => 2020-03-21 14:45:02
2020-03-21 14:45:03 | 1584773103.7067 | INFO | Time in Importer::run => 2020-03-21 14:45:03
2020-03-21 14:45:04 | 1584773104.1391 | INFO | Heartbeating process ......
2020-03-21 14:45:04 | 1584773104.1414 | INFO | Process config => {"Mini_Swoole_importer":{"num":1,"mysql":true,"redis":true,"callback":["Importer","run"]}}
2020-03-21 14:45:04 | 1584773104.1662 | INFO | Heartbeat: Mini_Swoole_importer is running
2020-03-21 14:45:04 | 1584773104.7102 | INFO | Time in Importer::run => 2020-03-21 14:45:04
2020-03-21 14:45:05 | 1584773105.7137 | INFO | Time in Importer::run => 2020-03-21 14:45:05
2020-03-21 14:45:06 | 1584773106.7175 | INFO | Time in Importer::run => 2020-03-21 14:45:06
2020-03-21 14:45:07 | 1584773107.7216 | INFO | Time in Importer::run => 2020-03-21 14:45:07
2020-03-21 14:45:08 | 1584773108.7262 | INFO | Time in Importer::run => 2020-03-21 14:45:08
2020-03-21 14:45:09 | 1584773109.7298 | INFO | Time in Importer::run => 2020-03-21 14:45:09
2020-03-21 14:45:13 | 1584773113.8570 | INFO | Heartbeating process ......
2020-03-21 14:45:13 | 1584773113.8605 | INFO | Process config => {"Mini_Swoole_importer":{"num":1,"mysql":true,"redis":true,"callback":["Importer","run"]}}
2020-03-21 14:45:13 | 1584773113.8858 | WARN | Heartbeat: Mini_Swoole_importer is DOWN, restarting ......
2020-03-21 14:45:13 | 1584773113.8878 | INFO | Forking Mini_Swoole_importer......
2020-03-21 14:45:13 | 1584773113.8903 | INFO | Process Mini_Swoole_importer with pid 26047 is running !
2020-03-21 14:45:13 | 1584773113.8962 | INFO | Success to init MySQL instance
2020-03-21 14:45:13 | 1584773113.8993 | INFO | Success to init MySQL instance
2020-03-21 14:45:13 | 1584773113.9019 | INFO | Success to init Redis instance
2020-03-21 14:45:13 | 1584773113.9064 | INFO | Importer process is ready !
2020-03-21 14:45:13 | 1584773113.9086 | INFO | Time in Importer::run => 2020-03-21 14:45:13
2020-03-21 14:45:14 | 1584773114.9117 | INFO | Time in Importer::run => 2020-03-21 14:45:14
2020-03-21 14:45:15 | 1584773115.9159 | INFO | Time in Importer::run => 2020-03-21 14:45:15
2020-03-21 14:45:16 | 1584773116.9199 | INFO | Time in Importer::run => 2020-03-21 14:45:16
2020-03-21 14:45:17 | 1584773117.9242 | INFO | Time in Importer::run => 2020-03-21 14:45:17
[2020-03-21 06:45:18 #25532.1]	NOTICE	Server is shutdown now.
2020-03-21 14:45:18 | 1584773118.9226 | INFO | Worker 0 stop
2020-03-21 14:45:18 | 1584773118.9227 | INFO | Worker 1 stop
2020-03-21 14:45:18 | 1584773118.9272 | INFO | Time in Importer::run => 2020-03-21 14:45:18
2020-03-21 14:45:19 | 1584773119.9324 | INFO | Time in Importer::run => 2020-03-21 14:45:19
2020-03-21 14:45:20 | 1584773120.9378 | INFO | Time in Importer::run => 2020-03-21 14:45:20
2020-03-21 14:45:21 | 1584773121.9435 | INFO | Time in Importer::run => 2020-03-21 14:45:21
2020-03-21 14:45:22 | 1584773122.7550 | INFO | ======= HTTP master start =======
2020-03-21 14:45:22 | 1584773122.8733 | INFO | Success to init MySQL instance
2020-03-21 14:45:22 | 1584773122.8738 | INFO | Success to init MySQL instance
2020-03-21 14:45:22 | 1584773122.8775 | INFO | Success to init MySQL instance
2020-03-21 14:45:22 | 1584773122.8788 | INFO | Success to init Redis instance
2020-03-21 14:45:22 | 1584773122.8800 | INFO | Success to init Redis instance
2020-03-21 14:45:22 | 1584773122.8813 | INFO | Worker 1 ready for connections ...
2020-03-21 14:45:22 | 1584773122.8833 | INFO | Worker 0 ready for connections ...
2020-03-21 14:45:22 | 1584773122.9471 | INFO | Time in Importer::run => 2020-03-21 14:45:22
2020-03-21 14:45:23 | 1584773123.9513 | INFO | Time in Importer::run => 2020-03-21 14:45:23
2020-03-21 14:45:24 | 1584773124.9550 | INFO | Time in Importer::run => 2020-03-21 14:45:24
2020-03-21 14:45:25 | 1584773125.9580 | INFO | Time in Importer::run => 2020-03-21 14:45:25
2020-03-21 14:45:26 | 1584773126.9617 | INFO | Time in Importer::run => 2020-03-21 14:45:26
2020-03-21 14:45:27 | 1584773127.9651 | INFO | Time in Importer::run => 2020-03-21 14:45:27
2020-03-21 14:45:28 | 1584773128.9689 | INFO | Time in Importer::run => 2020-03-21 14:45:28
2020-03-21 14:45:29 | 1584773129.9730 | INFO | Time in Importer::run => 2020-03-21 14:45:29
2020-03-21 14:45:30 | 1584773130.9765 | INFO | Time in Importer::run => 2020-03-21 14:45:30
2020-03-21 14:45:31 | 1584773131.9790 | INFO | Time in Importer::run => 2020-03-21 14:45:31
2020-03-21 14:45:32 | 1584773132.9827 | INFO | Time in Importer::run => 2020-03-21 14:45:32
2020-03-21 14:45:33 | 1584773133.9862 | INFO | Time in Importer::run => 2020-03-21 14:45:33
2020-03-21 14:45:34 | 1584773134.9887 | INFO | Time in Importer::run => 2020-03-21 14:45:34
2020-03-21 14:45:35 | 1584773135.9934 | INFO | Time in Importer::run => 2020-03-21 14:45:35
2020-03-21 14:45:36 | 1584773136.9970 | INFO | Time in Importer::run => 2020-03-21 14:45:36
2020-03-21 14:45:38 | 1584773138.0010 | INFO | Time in Importer::run => 2020-03-21 14:45:38
2020-03-21 14:45:39 | 1584773139.0054 | INFO | Time in Importer::run => 2020-03-21 14:45:39
2020-03-21 14:45:40 | 1584773140.0084 | INFO | Time in Importer::run => 2020-03-21 14:45:40
2020-03-21 14:45:41 | 1584773141.0114 | INFO | Time in Importer::run => 2020-03-21 14:45:41
2020-03-21 14:45:42 | 1584773142.0148 | INFO | Time in Importer::run => 2020-03-21 14:45:42
2020-03-21 14:45:43 | 1584773143.0178 | INFO | Time in Importer::run => 2020-03-21 14:45:43
2020-03-21 14:45:44 | 1584773144.0208 | INFO | Time in Importer::run => 2020-03-21 14:45:44
2020-03-21 14:45:45 | 1584773145.0254 | INFO | Time in Importer::run => 2020-03-21 14:45:45
2020-03-21 14:45:46 | 1584773146.0289 | INFO | Time in Importer::run => 2020-03-21 14:45:46
2020-03-21 14:45:47 | 1584773147.0322 | INFO | Time in Importer::run => 2020-03-21 14:45:47
2020-03-21 14:45:48 | 1584773148.0370 | INFO | Time in Importer::run => 2020-03-21 14:45:48
2020-03-21 14:45:49 | 1584773149.0407 | INFO | Time in Importer::run => 2020-03-21 14:45:49
2020-03-21 14:45:50 | 1584773150.0445 | INFO | Time in Importer::run => 2020-03-21 14:45:50
2020-03-21 14:45:51 | 1584773151.0490 | INFO | Time in Importer::run => 2020-03-21 14:45:51
2020-03-21 14:45:52 | 1584773152.0535 | INFO | Time in Importer::run => 2020-03-21 14:45:52
2020-03-21 14:45:53 | 1584773153.0569 | INFO | Time in Importer::run => 2020-03-21 14:45:53
2020-03-21 14:45:54 | 1584773154.0610 | INFO | Time in Importer::run => 2020-03-21 14:45:54
2020-03-21 14:45:55 | 1584773155.0643 | INFO | Time in Importer::run => 2020-03-21 14:45:55
2020-03-21 14:45:56 | 1584773156.0670 | INFO | Time in Importer::run => 2020-03-21 14:45:56
2020-03-21 14:45:57 | 1584773157.0710 | INFO | Time in Importer::run => 2020-03-21 14:45:57
2020-03-21 14:45:58 | 1584773158.0738 | INFO | Time in Importer::run => 2020-03-21 14:45:58
2020-03-21 14:45:59 | 1584773159.0775 | INFO | Time in Importer::run => 2020-03-21 14:45:59
2020-03-21 14:46:00 | 1584773160.0819 | INFO | Time in Importer::run => 2020-03-21 14:46:00
2020-03-21 14:46:01 | 1584773161.0845 | INFO | Time in Importer::run => 2020-03-21 14:46:01
2020-03-21 14:46:02 | 1584773162.0874 | INFO | Time in Importer::run => 2020-03-21 14:46:02
2020-03-21 14:46:03 | 1584773163.0918 | INFO | Time in Importer::run => 2020-03-21 14:46:03
2020-03-21 14:46:04 | 1584773164.0954 | INFO | Time in Importer::run => 2020-03-21 14:46:04
2020-03-21 14:46:05 | 1584773165.0992 | INFO | Time in Importer::run => 2020-03-21 14:46:05
2020-03-21 14:46:06 | 1584773166.1038 | INFO | Time in Importer::run => 2020-03-21 14:46:06
2020-03-21 14:46:07 | 1584773167.1078 | INFO | Time in Importer::run => 2020-03-21 14:46:07
2020-03-21 14:46:08 | 1584773168.1131 | INFO | Time in Importer::run => 2020-03-21 14:46:08
2020-03-21 14:46:09 | 1584773169.1169 | INFO | Time in Importer::run => 2020-03-21 14:46:09
2020-03-21 14:46:10 | 1584773170.1199 | INFO | Time in Importer::run => 2020-03-21 14:46:10
2020-03-21 14:46:11 | 1584773171.1226 | INFO | Time in Importer::run => 2020-03-21 14:46:11
2020-03-21 14:46:12 | 1584773172.1273 | INFO | Time in Importer::run => 2020-03-21 14:46:12
2020-03-21 14:46:13 | 1584773173.1317 | INFO | Time in Importer::run => 2020-03-21 14:46:13
2020-03-21 14:46:14 | 1584773174.1361 | INFO | Time in Importer::run => 2020-03-21 14:46:14
2020-03-21 14:46:15 | 1584773175.1412 | INFO | Time in Importer::run => 2020-03-21 14:46:15
2020-03-21 14:46:16 | 1584773176.1450 | INFO | Time in Importer::run => 2020-03-21 14:46:16
2020-03-21 14:46:17 | 1584773177.1491 | INFO | Time in Importer::run => 2020-03-21 14:46:17
2020-03-21 14:46:18 | 1584773178.1541 | INFO | Time in Importer::run => 2020-03-21 14:46:18
[2020-03-21 06:46:19 #26166.1]	NOTICE	Server is shutdown now.
2020-03-21 14:46:19 | 1584773179.1190 | INFO | Worker 0 stop
2020-03-21 14:46:19 | 1584773179.1192 | INFO | Worker 1 stop
2020-03-21 14:46:19 | 1584773179.1576 | INFO | Time in Importer::run => 2020-03-21 14:46:19
2020-03-21 14:46:20 | 1584773180.1626 | INFO | Time in Importer::run => 2020-03-21 14:46:20
2020-03-21 14:46:21 | 1584773181.1681 | INFO | Time in Importer::run => 2020-03-21 14:46:21
2020-03-21 14:46:21 | 1584773181.2087 | INFO | ======= HTTP master start =======
2020-03-21 14:46:21 | 1584773181.3256 | INFO | Success to init MySQL instance
2020-03-21 14:46:21 | 1584773181.3274 | INFO | Success to init MySQL instance
2020-03-21 14:46:21 | 1584773181.3297 | INFO | Success to init MySQL instance
2020-03-21 14:46:21 | 1584773181.3319 | INFO | Success to init Redis instance
2020-03-21 14:46:21 | 1584773181.3330 | INFO | Success to init Redis instance
2020-03-21 14:46:21 | 1584773181.3343 | INFO | Worker 1 ready for connections ...
2020-03-21 14:46:21 | 1584773181.3358 | INFO | Worker 0 ready for connections ...
2020-03-21 14:46:22 | 1584773182.1716 | INFO | Time in Importer::run => 2020-03-21 14:46:22
2020-03-21 14:46:23 | 1584773183.1753 | INFO | Time in Importer::run => 2020-03-21 14:46:23
2020-03-21 14:46:24 | 1584773184.1795 | INFO | Time in Importer::run => 2020-03-21 14:46:24
2020-03-21 14:46:25 | 1584773185.1828 | INFO | Time in Importer::run => 2020-03-21 14:46:25
2020-03-21 14:46:26 | 1584773186.1869 | INFO | Time in Importer::run => 2020-03-21 14:46:26
2020-03-21 14:46:27 | 1584773187.1913 | INFO | Time in Importer::run => 2020-03-21 14:46:27
2020-03-21 14:46:28 | 1584773188.1945 | INFO | Time in Importer::run => 2020-03-21 14:46:28
2020-03-21 14:46:29 | 1584773189.1980 | INFO | Time in Importer::run => 2020-03-21 14:46:29
2020-03-21 14:46:30 | 1584773190.2016 | INFO | Time in Importer::run => 2020-03-21 14:46:30
2020-03-21 14:46:31 | 1584773191.2048 | INFO | Time in Importer::run => 2020-03-21 14:46:31
2020-03-21 14:46:32 | 1584773192.2091 | INFO | Time in Importer::run => 2020-03-21 14:46:32
[2020-03-21 06:46:32 #26686.1]	NOTICE	Server is shutdown now.
2020-03-21 14:46:32 | 1584773192.8932 | INFO | Worker 0 stop
2020-03-21 14:46:32 | 1584773192.8934 | INFO | Worker 1 stop
2020-03-21 14:46:33 | 1584773193.2141 | INFO | Time in Importer::run => 2020-03-21 14:46:33
2020-03-21 14:46:34 | 1584773194.2196 | INFO | Time in Importer::run => 2020-03-21 14:46:34
2020-03-21 14:46:35 | 1584773195.2246 | INFO | Time in Importer::run => 2020-03-21 14:46:35
2020-03-21 14:46:36 | 1584773196.2295 | INFO | Time in Importer::run => 2020-03-21 14:46:36
2020-03-21 14:46:37 | 1584773197.2331 | INFO | Time in Importer::run => 2020-03-21 14:46:37
2020-03-21 14:46:38 | 1584773198.2370 | INFO | Time in Importer::run => 2020-03-21 14:46:38
2020-03-21 14:46:39 | 1584773199.2414 | INFO | Time in Importer::run => 2020-03-21 14:46:39
2020-03-21 14:46:40 | 1584773200.2450 | INFO | Time in Importer::run => 2020-03-21 14:46:40
2020-03-21 14:46:41 | 1584773201.2481 | INFO | Time in Importer::run => 2020-03-21 14:46:41
2020-03-21 14:46:42 | 1584773202.2518 | INFO | Time in Importer::run => 2020-03-21 14:46:42
2020-03-21 14:46:43 | 1584773203.2552 | INFO | Time in Importer::run => 2020-03-21 14:46:43
2020-03-21 14:46:44 | 1584773204.2588 | INFO | Time in Importer::run => 2020-03-21 14:46:44
2020-03-21 14:46:45 | 1584773205.2629 | INFO | Time in Importer::run => 2020-03-21 14:46:45
2020-03-21 14:46:46 | 1584773206.2669 | INFO | Time in Importer::run => 2020-03-21 14:46:46
2020-03-21 14:46:47 | 1584773207.2703 | INFO | Time in Importer::run => 2020-03-21 14:46:47
2020-03-21 14:46:48 | 1584773208.2741 | INFO | Time in Importer::run => 2020-03-21 14:46:48
2020-03-21 14:46:49 | 1584773209.2767 | INFO | Time in Importer::run => 2020-03-21 14:46:49
2020-03-21 14:46:50 | 1584773210.2803 | INFO | Time in Importer::run => 2020-03-21 14:46:50
2020-03-21 14:46:51 | 1584773211.2844 | INFO | Time in Importer::run => 2020-03-21 14:46:51
2020-03-21 14:46:52 | 1584773212.2875 | INFO | Time in Importer::run => 2020-03-21 14:46:52
2020-03-21 15:18:47 | 1584775127.8173 | INFO | ======= HTTP master start =======
2020-03-21 15:18:47 | 1584775127.9394 | INFO | Success to init MySQL instance
2020-03-21 15:18:47 | 1584775127.9399 | INFO | Success to init MySQL instance
2020-03-21 15:18:47 | 1584775127.9456 | INFO | Success to init MySQL instance
2020-03-21 15:18:47 | 1584775127.9471 | INFO | Success to init Redis instance
2020-03-21 15:18:47 | 1584775127.9483 | INFO | Success to init Redis instance
2020-03-21 15:18:47 | 1584775127.9496 | INFO | Worker 1 ready for connections ...
2020-03-21 15:18:47 | 1584775127.9512 | INFO | Worker 0 ready for connections ...
[2020-03-21 07:25:58 #28243.1]	NOTICE	Server is shutdown now.
2020-03-21 15:25:58 | 1584775558.2683 | INFO | Worker 0 stop
2020-03-21 15:25:58 | 1584775558.2685 | INFO | Worker 1 stop
2020-03-21 15:26:23 | 1584775583.0259 | INFO | ======= HTTP master start =======
2020-03-21 15:26:23 | 1584775583.1455 | INFO | Success to init MySQL instance
2020-03-21 15:26:23 | 1584775583.1460 | INFO | Success to init MySQL instance
2020-03-21 15:26:23 | 1584775583.1517 | INFO | Success to init MySQL instance
2020-03-21 15:26:23 | 1584775583.1521 | INFO | Success to init Redis instance
2020-03-21 15:26:23 | 1584775583.1547 | INFO | Success to init Redis instance
2020-03-21 15:26:23 | 1584775583.1553 | INFO | Worker 1 ready for connections ...
2020-03-21 15:26:23 | 1584775583.1567 | INFO | Worker 0 ready for connections ...
2020-03-21 15:26:43 | 1584775603.4075 | INFO | Heartbeating process ......
2020-03-21 15:26:43 | 1584775603.4118 | INFO | Process config => {"Mini_Swoole_importer":{"num":1,"mysql":true,"redis":true,"callback":["Importer","run"]}}
2020-03-21 15:26:43 | 1584775603.4364 | WARN | Heartbeat: Mini_Swoole_importer is DOWN, restarting ......
2020-03-21 15:26:43 | 1584775603.4386 | INFO | Forking Mini_Swoole_importer......
2020-03-21 15:26:43 | 1584775603.4409 | INFO | Process Mini_Swoole_importer with pid 28542 is running !
2020-03-21 15:26:43 | 1584775603.4492 | INFO | Success to init MySQL instance
2020-03-21 15:26:43 | 1584775603.4534 | INFO | Success to init MySQL instance
2020-03-21 15:26:43 | 1584775603.4560 | INFO | Success to init Redis instance
2020-03-21 15:26:43 | 1584775603.4607 | INFO | Importer process is ready !
2020-03-21 15:26:43 | 1584775603.4630 | INFO | Time in Importer::run => 2020-03-21 15:26:43
2020-03-21 15:26:44 | 1584775604.4660 | INFO | Time in Importer::run => 2020-03-21 15:26:44
2020-03-21 15:26:45 | 1584775605.4687 | INFO | Time in Importer::run => 2020-03-21 15:26:45
2020-03-21 15:26:46 | 1584775606.4733 | INFO | Time in Importer::run => 2020-03-21 15:26:46
2020-03-21 15:26:47 | 1584775607.4776 | INFO | Time in Importer::run => 2020-03-21 15:26:47
2020-03-21 15:26:48 | 1584775608.4819 | INFO | Time in Importer::run => 2020-03-21 15:26:48
2020-03-21 15:26:49 | 1584775609.4857 | INFO | Time in Importer::run => 2020-03-21 15:26:49
2020-03-21 15:26:50 | 1584775610.4901 | INFO | Time in Importer::run => 2020-03-21 15:26:50
2020-03-21 15:26:51 | 1584775611.4939 | INFO | Time in Importer::run => 2020-03-21 15:26:51
2020-03-21 15:26:52 | 1584775612.4972 | INFO | Time in Importer::run => 2020-03-21 15:26:52
2020-03-21 15:26:53 | 1584775613.5020 | INFO | Time in Importer::run => 2020-03-21 15:26:53
2020-03-21 15:26:54 | 1584775614.5050 | INFO | Time in Importer::run => 2020-03-21 15:26:54
2020-03-21 15:26:55 | 1584775615.5086 | INFO | Time in Importer::run => 2020-03-21 15:26:55
2020-03-21 15:26:56 | 1584775616.5129 | INFO | Time in Importer::run => 2020-03-21 15:26:56
2020-03-21 15:26:57 | 1584775617.5161 | INFO | Time in Importer::run => 2020-03-21 15:26:57
2020-03-21 15:26:58 | 1584775618.5193 | INFO | Time in Importer::run => 2020-03-21 15:26:58
2020-03-21 15:26:59 | 1584775619.5229 | INFO | Time in Importer::run => 2020-03-21 15:26:59
2020-03-21 15:27:00 | 1584775620.5270 | INFO | Time in Importer::run => 2020-03-21 15:27:00
2020-03-21 15:27:01 | 1584775621.5301 | INFO | Time in Importer::run => 2020-03-21 15:27:01
2020-03-21 15:27:02 | 1584775622.5347 | INFO | Time in Importer::run => 2020-03-21 15:27:02
2020-03-21 15:27:03 | 1584775623.5378 | INFO | Time in Importer::run => 2020-03-21 15:27:03
2020-03-21 15:27:04 | 1584775624.5406 | INFO | Time in Importer::run => 2020-03-21 15:27:04
2020-03-21 15:27:05 | 1584775625.5458 | INFO | Time in Importer::run => 2020-03-21 15:27:05
2020-03-21 15:27:06 | 1584775626.5495 | INFO | Time in Importer::run => 2020-03-21 15:27:06
2020-03-21 15:27:07 | 1584775627.5539 | INFO | Time in Importer::run => 2020-03-21 15:27:07
2020-03-21 15:27:08 | 1584775628.5587 | INFO | Time in Importer::run => 2020-03-21 15:27:08
2020-03-21 15:27:09 | 1584775629.5623 | INFO | Time in Importer::run => 2020-03-21 15:27:09
2020-03-21 15:27:10 | 1584775630.5658 | INFO | Time in Importer::run => 2020-03-21 15:27:10
2020-03-21 15:27:11 | 1584775631.5702 | INFO | Time in Importer::run => 2020-03-21 15:27:11
2020-03-21 15:27:12 | 1584775632.5734 | INFO | Time in Importer::run => 2020-03-21 15:27:12
2020-03-21 15:27:13 | 1584775633.5766 | INFO | Time in Importer::run => 2020-03-21 15:27:13
2020-03-21 15:27:14 | 1584775634.5811 | INFO | Time in Importer::run => 2020-03-21 15:27:14
2020-03-21 15:27:15 | 1584775635.5857 | INFO | Time in Importer::run => 2020-03-21 15:27:15
2020-03-21 15:27:16 | 1584775636.5892 | INFO | Time in Importer::run => 2020-03-21 15:27:16
2020-03-21 15:27:17 | 1584775637.5941 | INFO | Time in Importer::run => 2020-03-21 15:27:17
2020-03-21 15:27:18 | 1584775638.5981 | INFO | Time in Importer::run => 2020-03-21 15:27:18
2020-03-21 15:27:43 | 1584775663.3030 | INFO | Heartbeating process ......
2020-03-21 15:27:43 | 1584775663.3066 | INFO | Process config => {"Mini_Swoole_importer":{"num":1,"mysql":true,"redis":true,"callback":["Importer","run"]}}
2020-03-21 15:27:43 | 1584775663.3312 | WARN | Heartbeat: Mini_Swoole_importer is DOWN, restarting ......
2020-03-21 15:27:43 | 1584775663.3333 | INFO | Forking Mini_Swoole_importer......
2020-03-21 15:27:43 | 1584775663.3356 | INFO | Process Mini_Swoole_importer with pid 28750 is running !
2020-03-21 15:27:43 | 1584775663.3410 | INFO | Success to init MySQL instance
2020-03-21 15:27:43 | 1584775663.3446 | INFO | Success to init MySQL instance
2020-03-21 15:27:43 | 1584775663.3472 | INFO | Success to init Redis instance
2020-03-21 15:27:43 | 1584775663.3522 | INFO | Importer process is ready !
2020-03-21 15:27:43 | 1584775663.3548 | INFO | Time in Importer::run => 2020-03-21 15:27:43
2020-03-21 15:27:44 | 1584775664.3597 | INFO | Time in Importer::run => 2020-03-21 15:27:44
2020-03-21 15:27:45 | 1584775665.3654 | INFO | Time in Importer::run => 2020-03-21 15:27:45
2020-03-21 15:27:46 | 1584775666.3696 | INFO | Time in Importer::run => 2020-03-21 15:27:46
2020-03-21 15:27:47 | 1584775667.3743 | INFO | Time in Importer::run => 2020-03-21 15:27:47
2020-03-21 15:27:48 | 1584775668.3791 | INFO | Time in Importer::run => 2020-03-21 15:27:48
2020-03-21 15:27:49 | 1584775669.3832 | INFO | Time in Importer::run => 2020-03-21 15:27:49
2020-03-21 15:27:50 | 1584775670.3880 | INFO | Time in Importer::run => 2020-03-21 15:27:50
2020-03-21 15:27:51 | 1584775671.3928 | INFO | Time in Importer::run => 2020-03-21 15:27:51
2020-03-21 15:27:52 | 1584775672.3956 | INFO | Time in Importer::run => 2020-03-21 15:27:52
2020-03-21 15:27:53 | 1584775673.4000 | INFO | Time in Importer::run => 2020-03-21 15:27:53
2020-03-21 15:27:54 | 1584775674.4036 | INFO | Time in Importer::run => 2020-03-21 15:27:54
2020-03-21 15:27:55 | 1584775675.4064 | INFO | Time in Importer::run => 2020-03-21 15:27:55
2020-03-21 15:27:56 | 1584775676.4102 | INFO | Time in Importer::run => 2020-03-21 15:27:56
2020-03-21 15:27:57 | 1584775677.4137 | INFO | Time in Importer::run => 2020-03-21 15:27:57
2020-03-21 15:27:58 | 1584775678.4178 | INFO | Time in Importer::run => 2020-03-21 15:27:58
2020-03-21 15:27:59 | 1584775679.4227 | INFO | Time in Importer::run => 2020-03-21 15:27:59
2020-03-21 15:28:00 | 1584775680.4261 | INFO | Time in Importer::run => 2020-03-21 15:28:00
2020-03-21 15:28:01 | 1584775681.4300 | INFO | Time in Importer::run => 2020-03-21 15:28:01
2020-03-21 15:28:02 | 1584775682.4344 | INFO | Time in Importer::run => 2020-03-21 15:28:02
2020-03-21 15:28:03 | 1584775683.4378 | INFO | Time in Importer::run => 2020-03-21 15:28:03
2020-03-21 15:28:04 | 1584775684.4416 | INFO | Time in Importer::run => 2020-03-21 15:28:04
2020-03-21 15:28:05 | 1584775685.4474 | INFO | Time in Importer::run => 2020-03-21 15:28:05
2020-03-21 15:28:06 | 1584775686.4524 | INFO | Time in Importer::run => 2020-03-21 15:28:06
2020-03-21 15:28:07 | 1584775687.4562 | INFO | Time in Importer::run => 2020-03-21 15:28:07
2020-03-21 15:28:08 | 1584775688.4613 | INFO | Time in Importer::run => 2020-03-21 15:28:08
2020-03-21 15:28:09 | 1584775689.4657 | INFO | Time in Importer::run => 2020-03-21 15:28:09
2020-03-21 15:28:10 | 1584775690.4694 | INFO | Time in Importer::run => 2020-03-21 15:28:10
2020-03-21 15:28:11 | 1584775691.4737 | INFO | Time in Importer::run => 2020-03-21 15:28:11
2020-03-21 15:28:12 | 1584775692.4769 | INFO | Time in Importer::run => 2020-03-21 15:28:12
2020-03-21 15:28:13 | 1584775693.4800 | INFO | Time in Importer::run => 2020-03-21 15:28:13
2020-03-21 15:28:14 | 1584775694.4857 | INFO | Time in Importer::run => 2020-03-21 15:28:14
2020-03-21 15:28:15 | 1584775695.4906 | INFO | Time in Importer::run => 2020-03-21 15:28:15
2020-03-21 15:28:16 | 1584775696.4948 | INFO | Time in Importer::run => 2020-03-21 15:28:16
2020-03-21 15:28:17 | 1584775697.4999 | INFO | Time in Importer::run => 2020-03-21 15:28:17
2020-03-21 15:28:18 | 1584775698.5026 | INFO | Time in Importer::run => 2020-03-21 15:28:18
2020-03-21 15:28:19 | 1584775699.5062 | INFO | Time in Importer::run => 2020-03-21 15:28:19
2020-03-21 15:28:20 | 1584775700.5103 | INFO | Time in Importer::run => 2020-03-21 15:28:20
2020-03-21 15:28:21 | 1584775701.5140 | INFO | Time in Importer::run => 2020-03-21 15:28:21
2020-03-21 15:28:22 | 1584775702.5170 | INFO | Time in Importer::run => 2020-03-21 15:28:22
2020-03-21 15:28:23 | 1584775703.5209 | INFO | Time in Importer::run => 2020-03-21 15:28:23
2020-03-21 15:28:24 | 1584775704.5247 | INFO | Time in Importer::run => 2020-03-21 15:28:24
2020-03-21 15:28:25 | 1584775705.5283 | INFO | Time in Importer::run => 2020-03-21 15:28:25
2020-03-21 15:28:26 | 1584775706.5325 | INFO | Time in Importer::run => 2020-03-21 15:28:26
2020-03-21 15:28:27 | 1584775707.5370 | INFO | Time in Importer::run => 2020-03-21 15:28:27
2020-03-21 15:28:28 | 1584775708.5410 | INFO | Time in Importer::run => 2020-03-21 15:28:28
2020-03-21 15:28:29 | 1584775709.5449 | INFO | Time in Importer::run => 2020-03-21 15:28:29
2020-03-21 15:28:30 | 1584775710.5484 | INFO | Time in Importer::run => 2020-03-21 15:28:30
2020-03-21 15:28:31 | 1584775711.5523 | INFO | Time in Importer::run => 2020-03-21 15:28:31
2020-03-21 15:28:32 | 1584775712.5569 | INFO | Time in Importer::run => 2020-03-21 15:28:32
2020-03-21 15:28:33 | 1584775713.5617 | INFO | Time in Importer::run => 2020-03-21 15:28:33
2020-03-21 15:28:34 | 1584775714.5667 | INFO | Time in Importer::run => 2020-03-21 15:28:34
2020-03-21 15:28:35 | 1584775715.5713 | INFO | Time in Importer::run => 2020-03-21 15:28:35
2020-03-21 15:28:36 | 1584775716.5753 | INFO | Time in Importer::run => 2020-03-21 15:28:36
2020-03-21 15:28:37 | 1584775717.5788 | INFO | Time in Importer::run => 2020-03-21 15:28:37
2020-03-21 15:28:38 | 1584775718.5838 | INFO | Time in Importer::run => 2020-03-21 15:28:38
2020-03-21 15:28:39 | 1584775719.5868 | INFO | Time in Importer::run => 2020-03-21 15:28:39
2020-03-21 15:28:40 | 1584775720.5909 | INFO | Time in Importer::run => 2020-03-21 15:28:40
2020-03-21 15:28:41 | 1584775721.5961 | INFO | Time in Importer::run => 2020-03-21 15:28:41
2020-03-21 15:28:42 | 1584775722.6010 | INFO | Time in Importer::run => 2020-03-21 15:28:42
2020-03-21 15:28:43 | 1584775723.6060 | INFO | Time in Importer::run => 2020-03-21 15:28:43
2020-03-21 15:28:44 | 1584775724.6115 | INFO | Time in Importer::run => 2020-03-21 15:28:44
2020-03-21 15:28:45 | 1584775725.6167 | INFO | Time in Importer::run => 2020-03-21 15:28:45
2020-03-21 15:28:46 | 1584775726.6211 | INFO | Time in Importer::run => 2020-03-21 15:28:46
2020-03-21 15:28:47 | 1584775727.6257 | INFO | Time in Importer::run => 2020-03-21 15:28:47
2020-03-21 15:28:48 | 1584775728.6293 | INFO | Time in Importer::run => 2020-03-21 15:28:48
2020-03-21 15:28:49 | 1584775729.6326 | INFO | Time in Importer::run => 2020-03-21 15:28:49
2020-03-21 15:28:50 | 1584775730.6383 | INFO | Time in Importer::run => 2020-03-21 15:28:50
2020-03-21 15:28:51 | 1584775731.6434 | INFO | Time in Importer::run => 2020-03-21 15:28:51
2020-03-21 15:28:52 | 1584775732.6480 | INFO | Time in Importer::run => 2020-03-21 15:28:52
2020-03-21 15:28:53 | 1584775733.6534 | INFO | Time in Importer::run => 2020-03-21 15:28:53
2020-03-21 15:28:54 | 1584775734.6589 | INFO | Time in Importer::run => 2020-03-21 15:28:54
2020-03-21 15:28:55 | 1584775735.6628 | INFO | Time in Importer::run => 2020-03-21 15:28:55
2020-03-21 15:28:56 | 1584775736.6675 | INFO | Time in Importer::run => 2020-03-21 15:28:56
2020-03-21 15:28:57 | 1584775737.6713 | INFO | Time in Importer::run => 2020-03-21 15:28:57
2020-03-21 15:28:58 | 1584775738.6747 | INFO | Time in Importer::run => 2020-03-21 15:28:58
2020-03-21 15:28:59 | 1584775739.6784 | INFO | Time in Importer::run => 2020-03-21 15:28:59
2020-03-21 15:29:00 | 1584775740.6814 | INFO | Time in Importer::run => 2020-03-21 15:29:00
2020-03-21 15:29:01 | 1584775741.6853 | INFO | Time in Importer::run => 2020-03-21 15:29:01
2020-03-21 15:29:02 | 1584775742.6905 | INFO | Time in Importer::run => 2020-03-21 15:29:02
2020-03-21 15:29:03 | 1584775743.6950 | INFO | Time in Importer::run => 2020-03-21 15:29:03
2020-03-21 15:29:04 | 1584775744.6989 | INFO | Time in Importer::run => 2020-03-21 15:29:04
2020-03-21 15:29:05 | 1584775745.7032 | INFO | Time in Importer::run => 2020-03-21 15:29:05
2020-03-21 15:29:06 | 1584775746.7073 | INFO | Time in Importer::run => 2020-03-21 15:29:06
2020-03-21 15:29:07 | 1584775747.7108 | INFO | Time in Importer::run => 2020-03-21 15:29:07
2020-03-21 15:29:08 | 1584775748.7147 | INFO | Time in Importer::run => 2020-03-21 15:29:08
2020-03-21 15:29:09 | 1584775749.7200 | INFO | Time in Importer::run => 2020-03-21 15:29:09
2020-03-21 15:29:10 | 1584775750.7251 | INFO | Time in Importer::run => 2020-03-21 15:29:10
2020-03-21 15:29:11 | 1584775751.7303 | INFO | Time in Importer::run => 2020-03-21 15:29:11
2020-03-21 15:29:12 | 1584775752.7346 | INFO | Time in Importer::run => 2020-03-21 15:29:12
2020-03-21 15:29:13 | 1584775753.7390 | INFO | Time in Importer::run => 2020-03-21 15:29:13
2020-03-21 15:29:14 | 1584775754.7434 | INFO | Time in Importer::run => 2020-03-21 15:29:14
2020-03-21 15:29:15 | 1584775755.7477 | INFO | Time in Importer::run => 2020-03-21 15:29:15
2020-03-21 15:29:16 | 1584775756.7516 | INFO | Time in Importer::run => 2020-03-21 15:29:16
2020-03-21 15:29:17 | 1584775757.7552 | INFO | Time in Importer::run => 2020-03-21 15:29:17
2020-03-21 15:29:18 | 1584775758.7594 | INFO | Time in Importer::run => 2020-03-21 15:29:18
2020-03-21 15:29:19 | 1584775759.7648 | INFO | Time in Importer::run => 2020-03-21 15:29:19
2020-03-21 15:29:20 | 1584775760.7689 | INFO | Time in Importer::run => 2020-03-21 15:29:20
2020-03-21 15:29:21 | 1584775761.7736 | INFO | Time in Importer::run => 2020-03-21 15:29:21
2020-03-21 15:29:22 | 1584775762.7764 | INFO | Time in Importer::run => 2020-03-21 15:29:22
2020-03-21 15:29:23 | 1584775763.7814 | INFO | Time in Importer::run => 2020-03-21 15:29:23
2020-03-21 15:29:24 | 1584775764.7850 | INFO | Time in Importer::run => 2020-03-21 15:29:24
2020-03-21 15:29:25 | 1584775765.7886 | INFO | Time in Importer::run => 2020-03-21 15:29:25
2020-03-21 15:29:26 | 1584775766.7921 | INFO | Time in Importer::run => 2020-03-21 15:29:26
2020-03-21 15:29:27 | 1584775767.7948 | INFO | Time in Importer::run => 2020-03-21 15:29:27
2020-03-21 15:29:28 | 1584775768.8002 | INFO | Time in Importer::run => 2020-03-21 15:29:28
2020-03-21 15:29:29 | 1584775769.8057 | INFO | Time in Importer::run => 2020-03-21 15:29:29
2020-03-21 15:29:30 | 1584775770.8102 | INFO | Time in Importer::run => 2020-03-21 15:29:30
2020-03-21 15:29:31 | 1584775771.8149 | INFO | Time in Importer::run => 2020-03-21 15:29:31
2020-03-21 15:29:32 | 1584775772.8194 | INFO | Time in Importer::run => 2020-03-21 15:29:32
2020-03-21 15:29:33 | 1584775773.8230 | INFO | Time in Importer::run => 2020-03-21 15:29:33
2020-03-21 15:29:34 | 1584775774.8265 | INFO | Time in Importer::run => 2020-03-21 15:29:34
2020-03-21 15:29:35 | 1584775775.8300 | INFO | Time in Importer::run => 2020-03-21 15:29:35
2020-03-21 15:29:36 | 1584775776.8346 | INFO | Time in Importer::run => 2020-03-21 15:29:36
2020-03-21 15:29:37 | 1584775777.8392 | INFO | Time in Importer::run => 2020-03-21 15:29:37
2020-03-21 15:29:38 | 1584775778.8447 | INFO | Time in Importer::run => 2020-03-21 15:29:38
2020-03-21 15:29:39 | 1584775779.8492 | INFO | Time in Importer::run => 2020-03-21 15:29:39
2020-03-21 15:29:40 | 1584775780.8538 | INFO | Time in Importer::run => 2020-03-21 15:29:40
2020-03-21 15:29:41 | 1584775781.8584 | INFO | Time in Importer::run => 2020-03-21 15:29:41
2020-03-21 15:29:42 | 1584775782.8618 | INFO | Time in Importer::run => 2020-03-21 15:29:42
2020-03-21 15:29:43 | 1584775783.8647 | INFO | Time in Importer::run => 2020-03-21 15:29:43
2020-03-21 15:29:44 | 1584775784.8691 | INFO | Time in Importer::run => 2020-03-21 15:29:44
2020-03-21 15:29:45 | 1584775785.8765 | INFO | Time in Importer::run => 2020-03-21 15:29:45
2020-03-21 15:29:46 | 1584775786.8811 | INFO | Time in Importer::run => 2020-03-21 15:29:46
2020-03-21 15:29:47 | 1584775787.8866 | INFO | Time in Importer::run => 2020-03-21 15:29:47
2020-03-21 15:29:48 | 1584775788.8912 | INFO | Time in Importer::run => 2020-03-21 15:29:48
2020-03-21 15:29:49 | 1584775789.8957 | INFO | Time in Importer::run => 2020-03-21 15:29:49
2020-03-21 15:29:50 | 1584775790.8992 | INFO | Time in Importer::run => 2020-03-21 15:29:50
2020-03-21 15:29:51 | 1584775791.9028 | INFO | Time in Importer::run => 2020-03-21 15:29:51
2020-03-21 15:29:52 | 1584775792.9058 | INFO | Time in Importer::run => 2020-03-21 15:29:52
2020-03-21 15:29:53 | 1584775793.9099 | INFO | Time in Importer::run => 2020-03-21 15:29:53
2020-03-21 15:29:54 | 1584775794.9151 | INFO | Time in Importer::run => 2020-03-21 15:29:54
2020-03-21 15:29:55 | 1584775795.9186 | INFO | Time in Importer::run => 2020-03-21 15:29:55
2020-03-21 15:29:56 | 1584775796.9240 | INFO | Time in Importer::run => 2020-03-21 15:29:56
2020-03-21 15:29:57 | 1584775797.9279 | INFO | Time in Importer::run => 2020-03-21 15:29:57
2020-03-21 15:29:58 | 1584775798.9332 | INFO | Time in Importer::run => 2020-03-21 15:29:58
2020-03-21 15:29:59 | 1584775799.9377 | INFO | Time in Importer::run => 2020-03-21 15:29:59
2020-03-21 15:30:00 | 1584775800.9417 | INFO | Time in Importer::run => 2020-03-21 15:30:00
2020-03-21 15:30:01 | 1584775801.9449 | INFO | Time in Importer::run => 2020-03-21 15:30:01
2020-03-21 15:30:02 | 1584775802.9483 | INFO | Time in Importer::run => 2020-03-21 15:30:02
2020-03-21 15:30:03 | 1584775803.9510 | INFO | Time in Importer::run => 2020-03-21 15:30:03
2020-03-21 15:30:04 | 1584775804.9538 | INFO | Time in Importer::run => 2020-03-21 15:30:04
2020-03-21 15:30:05 | 1584775805.9574 | INFO | Time in Importer::run => 2020-03-21 15:30:05
2020-03-21 15:30:06 | 1584775806.9610 | INFO | Time in Importer::run => 2020-03-21 15:30:06
2020-03-21 15:30:07 | 1584775807.9641 | INFO | Time in Importer::run => 2020-03-21 15:30:07
2020-03-21 15:30:08 | 1584775808.9677 | INFO | Time in Importer::run => 2020-03-21 15:30:08
2020-03-21 15:30:09 | 1584775809.9704 | INFO | Time in Importer::run => 2020-03-21 15:30:09
2020-03-21 15:30:10 | 1584775810.9731 | INFO | Time in Importer::run => 2020-03-21 15:30:10
2020-03-21 15:30:11 | 1584775811.9774 | INFO | Time in Importer::run => 2020-03-21 15:30:11
2020-03-21 15:30:12 | 1584775812.9802 | INFO | Time in Importer::run => 2020-03-21 15:30:12
2020-03-21 15:30:13 | 1584775813.9833 | INFO | Time in Importer::run => 2020-03-21 15:30:13
2020-03-21 15:30:14 | 1584775814.9876 | INFO | Time in Importer::run => 2020-03-21 15:30:14
2020-03-21 15:30:15 | 1584775815.9915 | INFO | Time in Importer::run => 2020-03-21 15:30:15
2020-03-21 15:30:16 | 1584775816.9946 | INFO | Time in Importer::run => 2020-03-21 15:30:16
2020-03-21 15:30:17 | 1584775817.9982 | INFO | Time in Importer::run => 2020-03-21 15:30:17
2020-03-21 15:30:19 | 1584775819.0014 | INFO | Time in Importer::run => 2020-03-21 15:30:19
2020-03-21 15:30:20 | 1584775820.0049 | INFO | Time in Importer::run => 2020-03-21 15:30:20
2020-03-21 15:30:21 | 1584775821.0092 | INFO | Time in Importer::run => 2020-03-21 15:30:21
2020-03-21 15:30:22 | 1584775822.0130 | INFO | Time in Importer::run => 2020-03-21 15:30:22
2020-03-21 15:30:23 | 1584775823.0166 | INFO | Time in Importer::run => 2020-03-21 15:30:23
2020-03-21 15:30:24 | 1584775824.0211 | INFO | Time in Importer::run => 2020-03-21 15:30:24
2020-03-21 15:30:25 | 1584775825.0249 | INFO | Time in Importer::run => 2020-03-21 15:30:25
2020-03-21 15:30:26 | 1584775826.0281 | INFO | Time in Importer::run => 2020-03-21 15:30:26
2020-03-21 15:30:27 | 1584775827.0326 | INFO | Time in Importer::run => 2020-03-21 15:30:27
2020-03-21 15:30:28 | 1584775828.0366 | INFO | Time in Importer::run => 2020-03-21 15:30:28
2020-03-21 15:30:29 | 1584775829.0411 | INFO | Time in Importer::run => 2020-03-21 15:30:29
2020-03-21 15:30:30 | 1584775830.0449 | INFO | Time in Importer::run => 2020-03-21 15:30:30
2020-03-21 15:30:31 | 1584775831.0486 | INFO | Time in Importer::run => 2020-03-21 15:30:31
2020-03-21 15:30:32 | 1584775832.0521 | INFO | Time in Importer::run => 2020-03-21 15:30:32
2020-03-21 15:30:33 | 1584775833.0556 | INFO | Time in Importer::run => 2020-03-21 15:30:33
2020-03-21 15:30:34 | 1584775834.0595 | INFO | Time in Importer::run => 2020-03-21 15:30:34
2020-03-21 15:30:35 | 1584775835.0633 | INFO | Time in Importer::run => 2020-03-21 15:30:35
[2020-03-21 07:30:35 #28428.1]	NOTICE	Server is shutdown now.
2020-03-21 15:30:35 | 1584775835.5224 | INFO | Worker 0 stop
2020-03-21 15:30:35 | 1584775835.5225 | INFO | Worker 1 stop
2020-03-21 15:30:36 | 1584775836.0669 | INFO | Time in Importer::run => 2020-03-21 15:30:36
2020-03-21 15:30:37 | 1584775837.0721 | INFO | Time in Importer::run => 2020-03-21 15:30:37
2020-03-21 15:30:38 | 1584775838.0769 | INFO | Time in Importer::run => 2020-03-21 15:30:38
2020-03-21 15:30:39 | 1584775839.0805 | INFO | Time in Importer::run => 2020-03-21 15:30:39
2020-03-21 15:30:40 | 1584775840.0837 | INFO | Time in Importer::run => 2020-03-21 15:30:40
2020-03-21 15:30:41 | 1584775841.0877 | INFO | Time in Importer::run => 2020-03-21 15:30:41
2020-03-21 15:32:46 | 1584775966.1151 | ERROR | ErrorNO: 2
2020-03-21 15:32:46 | 1584775966.1181 | ERROR | Error: include(/project/miniSwoole/Init.php): failed to open stream: No such file or directory
2020-03-21 15:32:46 | 1584775966.1198 | ERROR | File: /project/miniSwoole/library/core/MiniSwoole.php
2020-03-21 15:32:46 | 1584775966.1214 | ERROR | Line: 115
2020-03-21 15:32:46 | 1584775966.1231 | ERROR | ================================================================================
2020-03-21 15:32:46 | 1584775966.1247 | ERROR | ErrorNO: 2
2020-03-21 15:32:46 | 1584775966.1263 | ERROR | Error: include(): Failed opening '/project/miniSwoole/Init.php' for inclusion (include_path='.:/usr/local/php/lib/php')
2020-03-21 15:32:46 | 1584775966.1280 | ERROR | File: /project/miniSwoole/library/core/MiniSwoole.php
2020-03-21 15:32:46 | 1584775966.1296 | ERROR | Line: 115
2020-03-21 15:32:46 | 1584775966.1313 | ERROR | ================================================================================
2020-03-21 15:32:46 | 1584775966.1361 | INFO | ======= HTTP master start =======
2020-03-21 15:32:46 | 1584775966.2541 | INFO | Success to init MySQL instance
2020-03-21 15:32:46 | 1584775966.2555 | INFO | Success to init MySQL instance
2020-03-21 15:32:46 | 1584775966.2597 | INFO | Success to init MySQL instance
2020-03-21 15:32:46 | 1584775966.2610 | INFO | Success to init Redis instance
2020-03-21 15:32:46 | 1584775966.2621 | INFO | Success to init Redis instance
2020-03-21 15:32:46 | 1584775966.2634 | INFO | Worker 1 ready for connections ...
2020-03-21 15:32:46 | 1584775966.2648 | INFO | Worker 0 ready for connections ...
2020-03-21 15:32:52 | 1584775972.2986 | ERROR | ErrorNO: 2
2020-03-21 15:32:52 | 1584775972.3019 | ERROR | Error: include(/project/miniSwoole/Init.php): failed to open stream: No such file or directory
2020-03-21 15:32:52 | 1584775972.3038 | ERROR | File: /project/miniSwoole/library/core/MiniSwoole.php
2020-03-21 15:32:52 | 1584775972.3058 | ERROR | Line: 115
2020-03-21 15:32:52 | 1584775972.3078 | ERROR | ================================================================================
2020-03-21 15:32:52 | 1584775972.3099 | ERROR | ErrorNO: 2
2020-03-21 15:32:52 | 1584775972.3120 | ERROR | Error: include(): Failed opening '/project/miniSwoole/Init.php' for inclusion (include_path='.:/usr/local/php/lib/php')
2020-03-21 15:32:52 | 1584775972.3139 | ERROR | File: /project/miniSwoole/library/core/MiniSwoole.php
2020-03-21 15:32:52 | 1584775972.3158 | ERROR | Line: 115
2020-03-21 15:32:52 | 1584775972.3178 | ERROR | ================================================================================
[21-Mar-2020 15:32:52 Asia/Chongqing] PHP Fatal error:  Uncaught Error: Call to undefined method MiniSwoole::process() in /project/miniSwoole/Boostrap.php:17
Stack trace:
#0 {main}
  thrown in /project/miniSwoole/Boostrap.php on line 17
2020-03-21 15:33:04 | 1584775984.8255 | ERROR | ErrorNO: 2
2020-03-21 15:33:04 | 1584775984.8287 | ERROR | Error: include(/project/miniSwoole/Init.php): failed to open stream: No such file or directory
2020-03-21 15:33:04 | 1584775984.8306 | ERROR | File: /project/miniSwoole/library/core/MiniSwoole.php
2020-03-21 15:33:04 | 1584775984.8326 | ERROR | Line: 115
2020-03-21 15:33:04 | 1584775984.8346 | ERROR | ================================================================================
2020-03-21 15:33:04 | 1584775984.8365 | ERROR | ErrorNO: 2
2020-03-21 15:33:04 | 1584775984.8385 | ERROR | Error: include(): Failed opening '/project/miniSwoole/Init.php' for inclusion (include_path='.:/usr/local/php/lib/php')
2020-03-21 15:33:04 | 1584775984.8404 | ERROR | File: /project/miniSwoole/library/core/MiniSwoole.php
2020-03-21 15:33:04 | 1584775984.8423 | ERROR | Line: 115
2020-03-21 15:33:04 | 1584775984.8443 | ERROR | ================================================================================
[21-Mar-2020 15:33:04 Asia/Chongqing] PHP Fatal error:  Uncaught Error: Call to undefined method MiniSwoole::process() in /project/miniSwoole/Boostrap.php:17
Stack trace:
#0 {main}
  thrown in /project/miniSwoole/Boostrap.php on line 17
2020-03-21 15:34:41 | 1584776081.4250 | INFO | Heartbeating process ......
2020-03-21 15:34:41 | 1584776081.4292 | INFO | Process config => {"Mini_Swoole_importer":{"num":1,"mysql":true,"redis":true,"callback":["Importer","run"]}}
2020-03-21 15:34:41 | 1584776081.4539 | WARN | Heartbeat: Mini_Swoole_importer is DOWN, restarting ......
2020-03-21 15:34:41 | 1584776081.4559 | INFO | Forking Mini_Swoole_importer......
2020-03-21 15:34:41 | 1584776081.4582 | INFO | Process Mini_Swoole_importer with pid 29304 is running !
2020-03-21 15:34:41 | 1584776081.4642 | INFO | Success to init MySQL instance
2020-03-21 15:34:41 | 1584776081.4674 | INFO | Success to init MySQL instance
2020-03-21 15:34:41 | 1584776081.4698 | INFO | Success to init Redis instance
2020-03-21 15:34:41 | 1584776081.4745 | INFO | Importer process is ready !
2020-03-21 15:34:41 | 1584776081.4765 | INFO | Time in Importer::run => 2020-03-21 15:34:41
2020-03-21 15:34:42 | 1584776082.4802 | INFO | Time in Importer::run => 2020-03-21 15:34:42
2020-03-21 15:34:43 | 1584776083.4831 | INFO | Time in Importer::run => 2020-03-21 15:34:43
2020-03-21 15:34:44 | 1584776084.4867 | INFO | Time in Importer::run => 2020-03-21 15:34:44
2020-03-21 15:34:45 | 1584776085.4903 | INFO | Time in Importer::run => 2020-03-21 15:34:45
[2020-03-21 07:34:46 #28894.1]	NOTICE	Server is shutdown now.
2020-03-21 15:34:46 | 1584776086.4427 | INFO | Worker 0 stop
2020-03-21 15:34:46 | 1584776086.4429 | INFO | Worker 1 stop
2020-03-21 15:34:46 | 1584776086.4929 | INFO | Time in Importer::run => 2020-03-21 15:34:46
2020-03-21 15:34:47 | 1584776087.4974 | INFO | Time in Importer::run => 2020-03-21 15:34:47
2020-03-21 15:34:48 | 1584776088.5025 | INFO | Time in Importer::run => 2020-03-21 15:34:48
2020-03-21 15:34:49 | 1584776089.5054 | INFO | Time in Importer::run => 2020-03-21 15:34:49
2020-03-21 15:34:50 | 1584776090.5080 | INFO | Time in Importer::run => 2020-03-21 15:34:50
2020-03-21 15:34:51 | 1584776091.5116 | INFO | Time in Importer::run => 2020-03-21 15:34:51
2020-03-21 15:34:52 | 1584776092.5152 | INFO | Time in Importer::run => 2020-03-21 15:34:52
2020-03-21 15:34:53 | 1584776093.5187 | INFO | Time in Importer::run => 2020-03-21 15:34:53
2020-03-21 15:34:54 | 1584776094.5233 | INFO | Time in Importer::run => 2020-03-21 15:34:54
2020-03-21 15:34:55 | 1584776095.5268 | INFO | Time in Importer::run => 2020-03-21 15:34:55
2020-03-21 15:34:56 | 1584776096.5304 | INFO | Time in Importer::run => 2020-03-21 15:34:56
2020-03-21 15:34:57 | 1584776097.5349 | INFO | Time in Importer::run => 2020-03-21 15:34:57
2020-03-21 15:35:03 | 1584776103.0766 | INFO | Heartbeating process ......
2020-03-21 15:35:03 | 1584776103.0802 | INFO | Process config => {"Mini_Swoole_importer":{"num":1,"mysql":true,"redis":true,"callback":["Importer","run"]}}
2020-03-21 15:35:03 | 1584776103.1044 | WARN | Heartbeat: Mini_Swoole_importer is DOWN, restarting ......
2020-03-21 15:35:03 | 1584776103.1065 | INFO | Forking Mini_Swoole_importer......
2020-03-21 15:35:03 | 1584776103.1088 | INFO | Process Mini_Swoole_importer with pid 29437 is running !
2020-03-21 15:35:03 | 1584776103.1152 | INFO | Success to init MySQL instance
2020-03-21 15:35:03 | 1584776103.1185 | INFO | Success to init MySQL instance
2020-03-21 15:35:03 | 1584776103.1212 | INFO | Success to init Redis instance
2020-03-21 15:35:03 | 1584776103.1244 | INFO | Importer process is ready !
2020-03-21 15:35:03 | 1584776103.1265 | INFO | Time in Importer::run => 2020-03-21 15:35:03
2020-03-21 15:35:04 | 1584776104.1300 | INFO | Time in Importer::run => 2020-03-21 15:35:04
2020-03-21 15:35:05 | 1584776105.1341 | INFO | Time in Importer::run => 2020-03-21 15:35:05
2020-03-21 15:35:06 | 1584776106.1377 | INFO | Time in Importer::run => 2020-03-21 15:35:06
2020-03-21 15:35:07 | 1584776107.1422 | INFO | Time in Importer::run => 2020-03-21 15:35:07
2020-03-21 15:35:08 | 1584776108.1458 | INFO | Time in Importer::run => 2020-03-21 15:35:08
2020-03-21 15:35:09 | 1584776109.1485 | INFO | Time in Importer::run => 2020-03-21 15:35:09
2020-03-21 15:35:10 | 1584776110.1547 | INFO | Time in Importer::run => 2020-03-21 15:35:10
2020-03-21 15:35:10 | 1584776110.2543 | INFO | ======= HTTP master start =======
2020-03-21 15:35:10 | 1584776110.3722 | INFO | Success to init MySQL instance
2020-03-21 15:35:10 | 1584776110.3727 | INFO | Success to init MySQL instance
2020-03-21 15:35:10 | 1584776110.3766 | INFO | Success to init MySQL instance
2020-03-21 15:35:10 | 1584776110.3778 | INFO | Success to init Redis instance
2020-03-21 15:35:10 | 1584776110.3792 | INFO | Success to init Redis instance
2020-03-21 15:35:10 | 1584776110.3805 | INFO | Worker 1 ready for connections ...
2020-03-21 15:35:10 | 1584776110.3821 | INFO | Worker 0 ready for connections ...
2020-03-21 15:35:11 | 1584776111.1593 | INFO | Time in Importer::run => 2020-03-21 15:35:11
2020-03-21 15:35:12 | 1584776112.1632 | INFO | Time in Importer::run => 2020-03-21 15:35:12
2020-03-21 15:35:13 | 1584776113.1686 | INFO | Time in Importer::run => 2020-03-21 15:35:13
2020-03-21 15:35:14 | 1584776114.1726 | INFO | Time in Importer::run => 2020-03-21 15:35:14
2020-03-21 15:35:15 | 1584776115.1765 | INFO | Time in Importer::run => 2020-03-21 15:35:15
2020-03-21 15:35:16 | 1584776116.1813 | INFO | Time in Importer::run => 2020-03-21 15:35:16
2020-03-21 15:35:17 | 1584776117.1846 | INFO | Time in Importer::run => 2020-03-21 15:35:17
2020-03-21 15:35:18 | 1584776118.1879 | INFO | Time in Importer::run => 2020-03-21 15:35:18
2020-03-21 15:35:19 | 1584776119.1924 | INFO | Time in Importer::run => 2020-03-21 15:35:19
2020-03-21 15:35:20 | 1584776120.1971 | INFO | Time in Importer::run => 2020-03-21 15:35:20
2020-03-21 15:35:21 | 1584776121.2000 | INFO | Time in Importer::run => 2020-03-21 15:35:21
2020-03-21 15:35:22 | 1584776122.2050 | INFO | Time in Importer::run => 2020-03-21 15:35:22
2020-03-21 15:35:23 | 1584776123.2078 | INFO | Time in Importer::run => 2020-03-21 15:35:23
2020-03-21 15:35:24 | 1584776124.2112 | INFO | Time in Importer::run => 2020-03-21 15:35:24
2020-03-21 15:35:25 | 1584776125.2146 | INFO | Time in Importer::run => 2020-03-21 15:35:25
2020-03-21 15:35:26 | 1584776126.2177 | INFO | Time in Importer::run => 2020-03-21 15:35:26
2020-03-21 15:35:27 | 1584776127.2206 | INFO | Time in Importer::run => 2020-03-21 15:35:27
2020-03-21 15:35:28 | 1584776128.2256 | INFO | Time in Importer::run => 2020-03-21 15:35:28
2020-03-21 15:35:29 | 1584776129.2283 | INFO | Time in Importer::run => 2020-03-21 15:35:29
2020-03-21 15:35:30 | 1584776130.2318 | INFO | Time in Importer::run => 2020-03-21 15:35:30
2020-03-21 15:35:31 | 1584776131.2364 | INFO | Time in Importer::run => 2020-03-21 15:35:31
2020-03-21 15:35:32 | 1584776132.2399 | INFO | Time in Importer::run => 2020-03-21 15:35:32
2020-03-21 15:35:33 | 1584776133.2434 | INFO | Time in Importer::run => 2020-03-21 15:35:33
2020-03-21 15:35:34 | 1584776134.2480 | INFO | Time in Importer::run => 2020-03-21 15:35:34
2020-03-21 15:35:35 | 1584776135.2509 | INFO | Time in Importer::run => 2020-03-21 15:35:35
2020-03-21 15:35:36 | 1584776136.2541 | INFO | Time in Importer::run => 2020-03-21 15:35:36
2020-03-21 15:35:37 | 1584776137.2586 | INFO | Time in Importer::run => 2020-03-21 15:35:37
2020-03-21 15:35:38 | 1584776138.2622 | INFO | Time in Importer::run => 2020-03-21 15:35:38
2020-03-21 15:35:39 | 1584776139.2657 | INFO | Time in Importer::run => 2020-03-21 15:35:39
2020-03-21 15:35:40 | 1584776140.2696 | INFO | Time in Importer::run => 2020-03-21 15:35:40
2020-03-21 15:35:41 | 1584776141.2724 | INFO | Time in Importer::run => 2020-03-21 15:35:41
2020-03-21 15:35:42 | 1584776142.2755 | INFO | Time in Importer::run => 2020-03-21 15:35:42
2020-03-21 15:35:43 | 1584776143.2811 | INFO | Time in Importer::run => 2020-03-21 15:35:43
2020-03-21 15:35:44 | 1584776144.2845 | INFO | Time in Importer::run => 2020-03-21 15:35:44
2020-03-21 15:35:45 | 1584776145.2880 | INFO | Time in Importer::run => 2020-03-21 15:35:45
2020-03-21 15:35:46 | 1584776146.2926 | INFO | Time in Importer::run => 2020-03-21 15:35:46
2020-03-21 15:35:47 | 1584776147.2956 | INFO | Time in Importer::run => 2020-03-21 15:35:47
2020-03-21 15:35:48 | 1584776148.2988 | INFO | Time in Importer::run => 2020-03-21 15:35:48
2020-03-21 15:35:49 | 1584776149.3033 | INFO | Time in Importer::run => 2020-03-21 15:35:49
2020-03-21 15:35:50 | 1584776150.3068 | INFO | Time in Importer::run => 2020-03-21 15:35:50
2020-03-21 15:35:51 | 1584776151.3104 | INFO | Time in Importer::run => 2020-03-21 15:35:51
2020-03-21 15:35:52 | 1584776152.3150 | INFO | Time in Importer::run => 2020-03-21 15:35:52
2020-03-21 15:35:53 | 1584776153.3190 | INFO | Time in Importer::run => 2020-03-21 15:35:53
2020-03-21 15:35:54 | 1584776154.3221 | INFO | Time in Importer::run => 2020-03-21 15:35:54
2020-03-21 15:35:55 | 1584776155.3266 | INFO | Time in Importer::run => 2020-03-21 15:35:55
2020-03-21 15:35:56 | 1584776156.3301 | INFO | Time in Importer::run => 2020-03-21 15:35:56
2020-03-21 15:35:57 | 1584776157.3337 | INFO | Time in Importer::run => 2020-03-21 15:35:57
2020-03-21 15:35:58 | 1584776158.3383 | INFO | Time in Importer::run => 2020-03-21 15:35:58
2020-03-21 15:35:59 | 1584776159.3421 | INFO | Time in Importer::run => 2020-03-21 15:35:59
2020-03-21 15:36:00 | 1584776160.3463 | INFO | Time in Importer::run => 2020-03-21 15:36:00
2020-03-21 15:36:01 | 1584776161.3506 | INFO | Time in Importer::run => 2020-03-21 15:36:01
2020-03-21 15:36:02 | 1584776162.3548 | INFO | Time in Importer::run => 2020-03-21 15:36:02
2020-03-21 15:36:03 | 1584776163.3583 | INFO | Time in Importer::run => 2020-03-21 15:36:03
2020-03-21 15:36:04 | 1584776164.3619 | INFO | Time in Importer::run => 2020-03-21 15:36:04
2020-03-21 15:36:05 | 1584776165.3656 | INFO | Time in Importer::run => 2020-03-21 15:36:05
2020-03-21 15:36:06 | 1584776166.3694 | INFO | Time in Importer::run => 2020-03-21 15:36:06
2020-03-21 15:36:07 | 1584776167.3737 | INFO | Time in Importer::run => 2020-03-21 15:36:07
2020-03-21 15:36:08 | 1584776168.3767 | INFO | Time in Importer::run => 2020-03-21 15:36:08
2020-03-21 15:36:09 | 1584776169.3797 | INFO | Time in Importer::run => 2020-03-21 15:36:09
2020-03-21 15:36:10 | 1584776170.3833 | INFO | Time in Importer::run => 2020-03-21 15:36:10
2020-03-21 15:36:11 | 1584776171.3868 | INFO | Time in Importer::run => 2020-03-21 15:36:11
2020-03-21 15:36:12 | 1584776172.3896 | INFO | Time in Importer::run => 2020-03-21 15:36:12
2020-03-21 15:36:13 | 1584776173.3948 | INFO | Time in Importer::run => 2020-03-21 15:36:13
2020-03-21 15:36:14 | 1584776174.3973 | INFO | Time in Importer::run => 2020-03-21 15:36:14
2020-03-21 15:36:15 | 1584776175.4006 | INFO | Time in Importer::run => 2020-03-21 15:36:15
2020-03-21 15:36:16 | 1584776176.4041 | INFO | Time in Importer::run => 2020-03-21 15:36:16
2020-03-21 15:36:17 | 1584776177.4075 | INFO | Time in Importer::run => 2020-03-21 15:36:17
2020-03-21 15:36:18 | 1584776178.4101 | INFO | Time in Importer::run => 2020-03-21 15:36:18
2020-03-21 15:36:19 | 1584776179.4146 | INFO | Time in Importer::run => 2020-03-21 15:36:19
2020-03-21 15:36:20 | 1584776180.4181 | INFO | Time in Importer::run => 2020-03-21 15:36:20
2020-03-21 15:36:21 | 1584776181.4221 | INFO | Time in Importer::run => 2020-03-21 15:36:21
2020-03-21 15:36:22 | 1584776182.4265 | INFO | Time in Importer::run => 2020-03-21 15:36:22
2020-03-21 15:36:23 | 1584776183.4304 | INFO | Time in Importer::run => 2020-03-21 15:36:23
2020-03-21 15:36:24 | 1584776184.4347 | INFO | Time in Importer::run => 2020-03-21 15:36:24
2020-03-21 15:36:25 | 1584776185.4394 | INFO | Time in Importer::run => 2020-03-21 15:36:25
2020-03-21 15:36:26 | 1584776186.4425 | INFO | Time in Importer::run => 2020-03-21 15:36:26
2020-03-21 15:36:27 | 1584776187.4464 | INFO | Time in Importer::run => 2020-03-21 15:36:27
2020-03-21 15:36:28 | 1584776188.4507 | INFO | Time in Importer::run => 2020-03-21 15:36:28
2020-03-21 15:36:29 | 1584776189.4542 | INFO | Time in Importer::run => 2020-03-21 15:36:29
2020-03-21 15:36:30 | 1584776190.4587 | INFO | Time in Importer::run => 2020-03-21 15:36:30
2020-03-21 15:36:31 | 1584776191.4632 | INFO | Time in Importer::run => 2020-03-21 15:36:31
2020-03-21 15:36:32 | 1584776192.4668 | INFO | Time in Importer::run => 2020-03-21 15:36:32
2020-03-21 15:36:33 | 1584776193.4706 | INFO | Time in Importer::run => 2020-03-21 15:36:33
2020-03-21 15:36:34 | 1584776194.4746 | INFO | Time in Importer::run => 2020-03-21 15:36:34
2020-03-21 15:36:35 | 1584776195.4781 | INFO | Time in Importer::run => 2020-03-21 15:36:35
2020-03-21 15:36:36 | 1584776196.4819 | INFO | Time in Importer::run => 2020-03-21 15:36:36
2020-03-21 15:36:37 | 1584776197.4865 | INFO | Time in Importer::run => 2020-03-21 15:36:37
2020-03-21 15:36:38 | 1584776198.4893 | INFO | Time in Importer::run => 2020-03-21 15:36:38
2020-03-21 15:36:39 | 1584776199.4929 | INFO | Time in Importer::run => 2020-03-21 15:36:39
2020-03-21 15:36:40 | 1584776200.4967 | INFO | Time in Importer::run => 2020-03-21 15:36:40
2020-03-21 15:36:41 | 1584776201.5008 | INFO | Time in Importer::run => 2020-03-21 15:36:41
2020-03-21 15:36:42 | 1584776202.5035 | INFO | Time in Importer::run => 2020-03-21 15:36:42
2020-03-21 15:36:43 | 1584776203.5086 | INFO | Time in Importer::run => 2020-03-21 15:36:43
2020-03-21 15:36:44 | 1584776204.5122 | INFO | Time in Importer::run => 2020-03-21 15:36:44
2020-03-21 15:36:45 | 1584776205.5158 | INFO | Time in Importer::run => 2020-03-21 15:36:45
2020-03-21 15:36:46 | 1584776206.5196 | INFO | Time in Importer::run => 2020-03-21 15:36:46
2020-03-21 15:36:47 | 1584776207.5232 | INFO | Time in Importer::run => 2020-03-21 15:36:47
2020-03-21 15:36:48 | 1584776208.5265 | INFO | Time in Importer::run => 2020-03-21 15:36:48
2020-03-21 15:36:49 | 1584776209.5311 | INFO | Time in Importer::run => 2020-03-21 15:36:49
2020-03-21 15:36:50 | 1584776210.5340 | INFO | Time in Importer::run => 2020-03-21 15:36:50
2020-03-21 15:36:51 | 1584776211.5373 | INFO | Time in Importer::run => 2020-03-21 15:36:51
2020-03-21 15:36:52 | 1584776212.5418 | INFO | Time in Importer::run => 2020-03-21 15:36:52
2020-03-21 15:36:53 | 1584776213.5454 | INFO | Time in Importer::run => 2020-03-21 15:36:53
2020-03-21 15:36:54 | 1584776214.5490 | INFO | Time in Importer::run => 2020-03-21 15:36:54
2020-03-21 15:36:55 | 1584776215.5537 | INFO | Time in Importer::run => 2020-03-21 15:36:55
2020-03-21 15:36:56 | 1584776216.5570 | INFO | Time in Importer::run => 2020-03-21 15:36:56
2020-03-21 15:36:57 | 1584776217.5603 | INFO | Time in Importer::run => 2020-03-21 15:36:57
2020-03-21 15:36:58 | 1584776218.5647 | INFO | Time in Importer::run => 2020-03-21 15:36:58
2020-03-21 15:36:59 | 1584776219.5679 | INFO | Time in Importer::run => 2020-03-21 15:36:59
2020-03-21 15:37:00 | 1584776220.5715 | INFO | Time in Importer::run => 2020-03-21 15:37:00
2020-03-21 15:37:01 | 1584776221.5765 | INFO | Time in Importer::run => 2020-03-21 15:37:01
2020-03-21 15:37:02 | 1584776222.5807 | INFO | Time in Importer::run => 2020-03-21 15:37:02
2020-03-21 15:37:03 | 1584776223.5849 | INFO | Time in Importer::run => 2020-03-21 15:37:03
2020-03-21 15:37:04 | 1584776224.5890 | INFO | Time in Importer::run => 2020-03-21 15:37:04
2020-03-21 15:37:05 | 1584776225.5935 | INFO | Time in Importer::run => 2020-03-21 15:37:05
2020-03-21 15:37:06 | 1584776226.5971 | INFO | Time in Importer::run => 2020-03-21 15:37:06
2020-03-21 15:37:07 | 1584776227.6009 | INFO | Time in Importer::run => 2020-03-21 15:37:07
2020-03-21 15:37:08 | 1584776228.6043 | INFO | Time in Importer::run => 2020-03-21 15:37:08
2020-03-21 15:37:09 | 1584776229.6071 | INFO | Time in Importer::run => 2020-03-21 15:37:09
2020-03-21 15:37:10 | 1584776230.6118 | INFO | Time in Importer::run => 2020-03-21 15:37:10
2020-03-21 15:37:11 | 1584776231.6153 | INFO | Time in Importer::run => 2020-03-21 15:37:11
2020-03-21 15:37:12 | 1584776232.6189 | INFO | Time in Importer::run => 2020-03-21 15:37:12
2020-03-21 15:37:13 | 1584776233.6230 | INFO | Time in Importer::run => 2020-03-21 15:37:13
2020-03-21 15:37:14 | 1584776234.6275 | INFO | Time in Importer::run => 2020-03-21 15:37:14
2020-03-21 15:37:15 | 1584776235.6312 | INFO | Time in Importer::run => 2020-03-21 15:37:15
2020-03-21 15:37:16 | 1584776236.6358 | INFO | Time in Importer::run => 2020-03-21 15:37:16
2020-03-21 15:37:17 | 1584776237.6390 | INFO | Time in Importer::run => 2020-03-21 15:37:17
2020-03-21 15:37:18 | 1584776238.6424 | INFO | Time in Importer::run => 2020-03-21 15:37:18
2020-03-21 15:37:19 | 1584776239.6474 | INFO | Time in Importer::run => 2020-03-21 15:37:19
2020-03-21 15:37:20 | 1584776240.6517 | INFO | Time in Importer::run => 2020-03-21 15:37:20
2020-03-21 15:37:21 | 1584776241.6561 | INFO | Time in Importer::run => 2020-03-21 15:37:21
2020-03-21 15:37:22 | 1584776242.6602 | INFO | Time in Importer::run => 2020-03-21 15:37:22
2020-03-21 15:37:23 | 1584776243.6641 | INFO | Time in Importer::run => 2020-03-21 15:37:23
2020-03-21 15:37:24 | 1584776244.6669 | INFO | Time in Importer::run => 2020-03-21 15:37:24
2020-03-21 15:37:25 | 1584776245.6711 | INFO | Time in Importer::run => 2020-03-21 15:37:25
2020-03-21 15:37:26 | 1584776246.6736 | INFO | Time in Importer::run => 2020-03-21 15:37:26
2020-03-21 15:37:27 | 1584776247.6776 | INFO | Time in Importer::run => 2020-03-21 15:37:27
2020-03-21 15:37:28 | 1584776248.6824 | INFO | Time in Importer::run => 2020-03-21 15:37:28
2020-03-21 15:37:29 | 1584776249.6860 | INFO | Time in Importer::run => 2020-03-21 15:37:29
2020-03-21 15:37:30 | 1584776250.6898 | INFO | Time in Importer::run => 2020-03-21 15:37:30
2020-03-21 15:37:31 | 1584776251.6947 | INFO | Time in Importer::run => 2020-03-21 15:37:31
2020-03-21 15:37:32 | 1584776252.6983 | INFO | Time in Importer::run => 2020-03-21 15:37:32
2020-03-21 15:37:33 | 1584776253.7013 | INFO | Time in Importer::run => 2020-03-21 15:37:33
2020-03-21 15:37:34 | 1584776254.7054 | INFO | Time in Importer::run => 2020-03-21 15:37:34
2020-03-21 15:37:35 | 1584776255.7084 | INFO | Time in Importer::run => 2020-03-21 15:37:35
2020-03-21 15:37:36 | 1584776256.7121 | INFO | Time in Importer::run => 2020-03-21 15:37:36
2020-03-21 15:37:37 | 1584776257.7173 | INFO | Time in Importer::run => 2020-03-21 15:37:37
2020-03-21 15:37:38 | 1584776258.7209 | INFO | Time in Importer::run => 2020-03-21 15:37:38
[2020-03-21 07:37:38 #29460.1]	NOTICE	Server is shutdown now.
2020-03-21 15:37:38 | 1584776258.7845 | INFO | Worker 0 stop
2020-03-21 15:37:38 | 1584776258.7846 | INFO | Worker 1 stop
2020-03-21 15:37:39 | 1584776259.7247 | INFO | Time in Importer::run => 2020-03-21 15:37:39
2020-03-21 15:37:40 | 1584776260.7304 | INFO | Time in Importer::run => 2020-03-21 15:37:40
2020-03-21 15:37:41 | 1584776261.7353 | INFO | Time in Importer::run => 2020-03-21 15:37:41
2020-03-21 15:37:42 | 1584776262.7386 | INFO | Time in Importer::run => 2020-03-21 15:37:42
2020-03-21 15:37:43 | 1584776263.7439 | INFO | Time in Importer::run => 2020-03-21 15:37:43
2020-03-21 15:37:44 | 1584776264.7475 | INFO | Time in Importer::run => 2020-03-21 15:37:44
2020-03-21 15:37:45 | 1584776265.7511 | INFO | Time in Importer::run => 2020-03-21 15:37:45
2020-03-21 15:37:46 | 1584776266.7546 | INFO | Time in Importer::run => 2020-03-21 15:37:46
