2020-03-25 16:37:25 | 1585125445.0937 | INFO | ======= HTTP master start =======
2020-03-25 16:37:25 | 1585125445.2349 | INFO | Success to init MySQL instance
2020-03-25 16:37:25 | 1585125445.2355 | INFO | Success to init MySQL instance
2020-03-25 16:37:25 | 1585125445.2408 | INFO | Success to init MySQL instance
2020-03-25 16:37:25 | 1585125445.2434 | INFO | Success to init Redis instance
2020-03-25 16:37:25 | 1585125445.2439 | INFO | Success to init Redis instance
2020-03-25 16:37:25 | 1585125445.2472 | INFO | Worker 0 ready for connections ...
2020-03-25 16:37:25 | 1585125445.2476 | INFO | Worker 1 ready for connections ...
2020-03-25 16:37:55 | 1585125475.2103 | INFO | This is an info msg
2020-03-25 16:37:55 | 1585125475.2140 | WARN | This is a warn msg
2020-03-25 16:37:55 | 1585125475.2160 | ERROR | This is an error msg
2020-03-25 16:37:55 | 1585125475.2180 | FATAL | This is a fatal msg
2020-03-25 16:37:55 | 1585125475.2200 | INFO | This is a log msg
2020-03-25 16:38:04 | 1585125484.2498 | ERROR | ErrorNO: 2
2020-03-25 16:38:04 | 1585125484.2532 | ERROR | Error: Swoole\Http\Response::end(): Http request is finished.
2020-03-25 16:38:04 | 1585125484.2552 | ERROR | File: /project/miniSwoole/library/core/Hooker.php
2020-03-25 16:38:04 | 1585125484.2571 | ERROR | Line: 73
2020-03-25 16:38:04 | 1585125484.2591 | ERROR | ================================================================================
2020-03-25 16:38:10 | 1585125490.4336 | INFO | This is an info msg
2020-03-25 16:38:10 | 1585125490.4368 | WARN | This is a warn msg
2020-03-25 16:38:10 | 1585125490.4390 | ERROR | This is an error msg
2020-03-25 16:38:10 | 1585125490.4411 | FATAL | This is a fatal msg
2020-03-25 16:38:10 | 1585125490.4431 | INFO | This is a log msg
2020-03-25 16:38:12 | 1585125492.5296 | INFO | This is an info msg
2020-03-25 16:38:12 | 1585125492.5318 | WARN | This is a warn msg
2020-03-25 16:38:12 | 1585125492.5339 | ERROR | This is an error msg
2020-03-25 16:38:12 | 1585125492.5360 | FATAL | This is a fatal msg
2020-03-25 16:38:12 | 1585125492.5380 | INFO | This is a log msg
[2020-03-25 08:41:30 #16337.1]	NOTICE	Server is shutdown now.
2020-03-25 16:41:30 | 1585125690.3824 | INFO | Worker 0 stop
2020-03-25 16:41:30 | 1585125690.3825 | INFO | Worker 1 stop
2020-03-25 16:41:32 | 1585125692.5078 | INFO | ======= HTTP master start =======
2020-03-25 16:41:32 | 1585125692.6273 | INFO | Success to init MySQL instance
2020-03-25 16:41:32 | 1585125692.6278 | INFO | Success to init MySQL instance
2020-03-25 16:41:32 | 1585125692.6308 | INFO | Success to init MySQL instance
2020-03-25 16:41:32 | 1585125692.6332 | INFO | Success to init Redis instance
2020-03-25 16:41:32 | 1585125692.6345 | INFO | Success to init Redis instance
2020-03-25 16:41:32 | 1585125692.6358 | INFO | Worker 1 ready for connections ...
2020-03-25 16:41:32 | 1585125692.6373 | INFO | Worker 0 ready for connections ...
2020-03-25 16:41:35 | 1585125695.9346 | INFO | This is an info msg
2020-03-25 16:41:35 | 1585125695.9367 | WARN | This is a warn msg
2020-03-25 16:41:35 | 1585125695.9395 | ERROR | This is an error msg
2020-03-25 16:41:35 | 1585125695.9416 | FATAL | This is a fatal msg
2020-03-25 16:41:35 | 1585125695.9438 | INFO | This is a log msg
2020-03-25 16:41:45 | 1585125705.5360 | ERROR | ErrorNO: 8192
2020-03-25 16:41:45 | 1585125705.5386 | ERROR | Error: Non-static method Response::importStatic() should not be called statically
2020-03-25 16:41:45 | 1585125705.5406 | ERROR | File: /project/miniSwoole/library/core/Response.php
2020-03-25 16:41:45 | 1585125705.5426 | ERROR | Line: 65
2020-03-25 16:41:45 | 1585125705.5447 | ERROR | ================================================================================
2020-03-25 16:41:45 | 1585125705.5469 | ERROR | ErrorNO: 8192
2020-03-25 16:41:45 | 1585125705.5490 | ERROR | Error: Non-static method Response::initStatic() should not be called statically
2020-03-25 16:41:45 | 1585125705.5509 | ERROR | File: /project/miniSwoole/library/core/Response.php
2020-03-25 16:41:45 | 1585125705.5528 | ERROR | Line: 66
2020-03-25 16:41:45 | 1585125705.5548 | ERROR | ================================================================================
2020-03-25 16:41:45 | 1585125705.5569 | ERROR | ErrorNO: 8192
2020-03-25 16:41:45 | 1585125705.5589 | ERROR | Error: Non-static method Response::initHtml() should not be called statically
2020-03-25 16:41:45 | 1585125705.5607 | ERROR | File: /project/miniSwoole/library/core/Response.php
2020-03-25 16:41:45 | 1585125705.5628 | ERROR | Line: 67
2020-03-25 16:41:45 | 1585125705.5647 | ERROR | ================================================================================
2020-03-25 16:41:45 | 1585125705.5669 | ERROR | ErrorNO: 8192
2020-03-25 16:41:45 | 1585125705.5689 | ERROR | Error: Non-static method Response::generalError() should not be called statically
2020-03-25 16:41:45 | 1585125705.5709 | ERROR | File: /project/miniSwoole/library/core/Response.php
2020-03-25 16:41:45 | 1585125705.5729 | ERROR | Line: 68
2020-03-25 16:41:45 | 1585125705.5747 | ERROR | ================================================================================
2020-03-25 16:41:45 | 1585125705.5765 | ERROR | ErrorNO: 8192
2020-03-25 16:41:45 | 1585125705.5784 | ERROR | Error: Non-static method Response::traceError() should not be called statically
2020-03-25 16:41:45 | 1585125705.5802 | ERROR | File: /project/miniSwoole/library/core/Response.php
2020-03-25 16:41:45 | 1585125705.5820 | ERROR | Line: 69
2020-03-25 16:41:45 | 1585125705.5840 | ERROR | ================================================================================
2020-03-25 16:41:45 | 1585125705.5858 | ERROR | ErrorNO: 8192
2020-03-25 16:41:45 | 1585125705.5877 | ERROR | Error: Non-static method Response::configError() should not be called statically
2020-03-25 16:41:45 | 1585125705.5897 | ERROR | File: /project/miniSwoole/library/core/Response.php
2020-03-25 16:41:45 | 1585125705.5916 | ERROR | Line: 70
2020-03-25 16:41:45 | 1585125705.5935 | ERROR | ================================================================================
2020-03-25 16:41:45 | 1585125705.5954 | ERROR | ErrorNO: 8192
2020-03-25 16:41:45 | 1585125705.5975 | ERROR | Error: Non-static method Response::getError() should not be called statically
2020-03-25 16:41:45 | 1585125705.5994 | ERROR | File: /project/miniSwoole/library/core/Response.php
2020-03-25 16:41:45 | 1585125705.6013 | ERROR | Line: 71
2020-03-25 16:41:45 | 1585125705.6032 | ERROR | ================================================================================
[25-Mar-2020 16:41:45 Asia/Chongqing] PHP Fatal error:  Uncaught Error: Using $this when not in object context in /project/miniSwoole/library/core/Response.php:196
Stack trace:
#0 /project/miniSwoole/library/core/Response.php(71): Response::getError('<link href="/cs...')
#1 /project/miniSwoole/library/core/Hooker.php(76): Response::error('<link href="/cs...')
#2 {main}
  thrown in /project/miniSwoole/library/core/Response.php on line 196
[2020-03-25 08:41:45 *16569.0]	ERROR	zm_deactivate_swoole (ERROR 503): Fatal error: Uncaught Error: Using $this when not in object context in /project/miniSwoole/library/core/Response.php:196
Stack trace:
#0 /project/miniSwoole/library/core/Response.php(71): Response::getError('<link href="/cs...')
#1 /project/miniSwoole/library/core/Hooker.php(76): Response::error('<link href="/cs...')
#2 {main}
  thrown in /project/miniSwoole/library/core/Response.php on line 196.
[2020-03-25 08:41:45 $16565.0]	WARNING	swManager_check_exit_status: worker#0 abnormal exit, status=255, signal=0
2020-03-25 16:41:45 | 1585125705.6193 | FATAL | Worker 0 exit with code 255 and signal 0
2020-03-25 16:41:45 | 1585125705.6256 | INFO | Success to init MySQL instance
2020-03-25 16:41:45 | 1585125705.6280 | INFO | Success to init MySQL instance
2020-03-25 16:41:45 | 1585125705.6303 | INFO | Success to init Redis instance
2020-03-25 16:41:45 | 1585125705.6321 | INFO | Worker 0 ready for connections ...
[2020-03-25 08:43:42 #16564.1]	NOTICE	Server is shutdown now.
2020-03-25 16:43:42 | 1585125822.6650 | INFO | Worker 0 stop
2020-03-25 16:43:42 | 1585125822.6653 | INFO | Worker 1 stop
2020-03-25 16:43:44 | 1585125824.7931 | INFO | ======= HTTP master start =======
2020-03-25 16:43:44 | 1585125824.9121 | INFO | Success to init MySQL instance
2020-03-25 16:43:44 | 1585125824.9127 | INFO | Success to init MySQL instance
2020-03-25 16:43:44 | 1585125824.9157 | INFO | Success to init MySQL instance
2020-03-25 16:43:44 | 1585125824.9177 | INFO | Success to init Redis instance
2020-03-25 16:43:44 | 1585125824.9190 | INFO | Success to init Redis instance
2020-03-25 16:43:44 | 1585125824.9219 | INFO | Worker 0 ready for connections ...
2020-03-25 16:43:44 | 1585125824.9221 | INFO | Worker 1 ready for connections ...
2020-03-25 16:43:47 | 1585125827.6587 | ERROR | ErrorNO: 8192
2020-03-25 16:43:47 | 1585125827.6615 | ERROR | Error: Non-static method Response::importStatic() should not be called statically
2020-03-25 16:43:47 | 1585125827.6636 | ERROR | File: /project/miniSwoole/library/core/Response.php
2020-03-25 16:43:47 | 1585125827.6657 | ERROR | Line: 65
2020-03-25 16:43:47 | 1585125827.6677 | ERROR | ================================================================================
2020-03-25 16:43:47 | 1585125827.6698 | ERROR | ErrorNO: 8192
2020-03-25 16:43:47 | 1585125827.6718 | ERROR | Error: Non-static method Response::initStatic() should not be called statically
2020-03-25 16:43:47 | 1585125827.6739 | ERROR | File: /project/miniSwoole/library/core/Response.php
2020-03-25 16:43:47 | 1585125827.6759 | ERROR | Line: 66
2020-03-25 16:43:47 | 1585125827.6777 | ERROR | ================================================================================
2020-03-25 16:43:47 | 1585125827.6796 | ERROR | ErrorNO: 8192
2020-03-25 16:43:47 | 1585125827.6818 | ERROR | Error: Non-static method Response::initHtml() should not be called statically
2020-03-25 16:43:47 | 1585125827.6841 | ERROR | File: /project/miniSwoole/library/core/Response.php
2020-03-25 16:43:47 | 1585125827.6861 | ERROR | Line: 67
2020-03-25 16:43:47 | 1585125827.6882 | ERROR | ================================================================================
2020-03-25 16:43:47 | 1585125827.6902 | ERROR | ErrorNO: 8192
2020-03-25 16:43:47 | 1585125827.6921 | ERROR | Error: Non-static method Response::generalError() should not be called statically
2020-03-25 16:43:47 | 1585125827.6941 | ERROR | File: /project/miniSwoole/library/core/Response.php
2020-03-25 16:43:47 | 1585125827.6960 | ERROR | Line: 68
2020-03-25 16:43:47 | 1585125827.6979 | ERROR | ================================================================================
2020-03-25 16:43:47 | 1585125827.6998 | ERROR | ErrorNO: 8192
2020-03-25 16:43:47 | 1585125827.7016 | ERROR | Error: Non-static method Response::traceError() should not be called statically
2020-03-25 16:43:47 | 1585125827.7035 | ERROR | File: /project/miniSwoole/library/core/Response.php
2020-03-25 16:43:47 | 1585125827.7054 | ERROR | Line: 69
2020-03-25 16:43:47 | 1585125827.7074 | ERROR | ================================================================================
2020-03-25 16:43:47 | 1585125827.7094 | ERROR | ErrorNO: 8192
2020-03-25 16:43:47 | 1585125827.7113 | ERROR | Error: Non-static method Response::configError() should not be called statically
2020-03-25 16:43:47 | 1585125827.7133 | ERROR | File: /project/miniSwoole/library/core/Response.php
2020-03-25 16:43:47 | 1585125827.7153 | ERROR | Line: 70
2020-03-25 16:43:47 | 1585125827.7172 | ERROR | ================================================================================
2020-03-25 16:43:47 | 1585125827.7192 | ERROR | ErrorNO: 8192
2020-03-25 16:43:47 | 1585125827.7210 | ERROR | Error: Non-static method Response::getError() should not be called statically
2020-03-25 16:43:47 | 1585125827.7230 | ERROR | File: /project/miniSwoole/library/core/Response.php
2020-03-25 16:43:47 | 1585125827.7247 | ERROR | Line: 71
2020-03-25 16:43:47 | 1585125827.7267 | ERROR | ================================================================================
2020-03-25 16:43:47 | 1585125827.7287 | ERROR | ErrorNO: 8
2020-03-25 16:43:47 | 1585125827.7307 | ERROR | Error: Undefined property: Swoole\Http\Request::$method
2020-03-25 16:43:47 | 1585125827.7328 | ERROR | File: /project/miniSwoole/library/core/Response.php
2020-03-25 16:43:47 | 1585125827.7348 | ERROR | Line: 196
2020-03-25 16:43:47 | 1585125827.7367 | ERROR | ================================================================================
2020-03-25 16:43:47 | 1585125827.7387 | ERROR | ErrorNO: 8192
2020-03-25 16:43:47 | 1585125827.7404 | ERROR | Error: Non-static method Response::postError() should not be called statically
2020-03-25 16:43:47 | 1585125827.7423 | ERROR | File: /project/miniSwoole/library/core/Response.php
2020-03-25 16:43:47 | 1585125827.7442 | ERROR | Line: 72
2020-03-25 16:43:47 | 1585125827.7461 | ERROR | ================================================================================
[25-Mar-2020 16:43:47 Asia/Chongqing] PHP Fatal error:  Uncaught Error: Using $this when not in object context in /project/miniSwoole/library/core/Response.php:185
Stack trace:
#0 /project/miniSwoole/library/core/Response.php(72): Response::postError('<link href="/cs...')
#1 /project/miniSwoole/library/core/Hooker.php(76): Response::error('<link href="/cs...')
#2 {main}
  thrown in /project/miniSwoole/library/core/Response.php on line 185
[2020-03-25 08:43:47 *16596.0]	ERROR	zm_deactivate_swoole (ERROR 503): Fatal error: Uncaught Error: Using $this when not in object context in /project/miniSwoole/library/core/Response.php:185
Stack trace:
#0 /project/miniSwoole/library/core/Response.php(72): Response::postError('<link href="/cs...')
#1 /project/miniSwoole/library/core/Hooker.php(76): Response::error('<link href="/cs...')
#2 {main}
  thrown in /project/miniSwoole/library/core/Response.php on line 185.
[2020-03-25 08:43:47 $16592.0]	WARNING	swManager_check_exit_status: worker#0 abnormal exit, status=255, signal=0
2020-03-25 16:43:47 | 1585125827.7572 | FATAL | Worker 0 exit with code 255 and signal 0
2020-03-25 16:43:47 | 1585125827.7633 | INFO | Success to init MySQL instance
2020-03-25 16:43:47 | 1585125827.7660 | INFO | Success to init MySQL instance
2020-03-25 16:43:47 | 1585125827.7685 | INFO | Success to init Redis instance
2020-03-25 16:43:47 | 1585125827.7706 | INFO | Worker 0 ready for connections ...
[2020-03-25 08:46:07 #16591.1]	NOTICE	Server is shutdown now.
2020-03-25 16:46:07 | 1585125967.3316 | INFO | Worker 0 stop
2020-03-25 16:46:07 | 1585125967.3317 | INFO | Worker 1 stop
2020-03-25 16:46:09 | 1585125969.4523 | INFO | ======= HTTP master start =======
2020-03-25 16:46:09 | 1585125969.5717 | INFO | Success to init MySQL instance
2020-03-25 16:46:09 | 1585125969.5730 | INFO | Success to init MySQL instance
2020-03-25 16:46:09 | 1585125969.5757 | INFO | Success to init MySQL instance
2020-03-25 16:46:09 | 1585125969.5777 | INFO | Success to init Redis instance
2020-03-25 16:46:09 | 1585125969.5789 | INFO | Success to init Redis instance
2020-03-25 16:46:09 | 1585125969.5802 | INFO | Worker 1 ready for connections ...
2020-03-25 16:46:09 | 1585125969.5817 | INFO | Worker 0 ready for connections ...
2020-03-25 16:47:11 | 1585126031.1751 | ERROR | ErrorNO: 8192
2020-03-25 16:47:11 | 1585126031.1778 | ERROR | Error: Non-static method Response::importStatic() should not be called statically
2020-03-25 16:47:11 | 1585126031.1799 | ERROR | File: /project/miniSwoole/library/core/Response.php
2020-03-25 16:47:11 | 1585126031.1819 | ERROR | Line: 65
2020-03-25 16:47:11 | 1585126031.1839 | ERROR | ================================================================================
2020-03-25 16:47:11 | 1585126031.1858 | ERROR | ErrorNO: 8192
2020-03-25 16:47:11 | 1585126031.1878 | ERROR | Error: Non-static method Response::initStatic() should not be called statically
2020-03-25 16:47:11 | 1585126031.1898 | ERROR | File: /project/miniSwoole/library/core/Response.php
2020-03-25 16:47:11 | 1585126031.1917 | ERROR | Line: 66
2020-03-25 16:47:11 | 1585126031.1937 | ERROR | ================================================================================
2020-03-25 16:47:11 | 1585126031.1956 | ERROR | ErrorNO: 8192
2020-03-25 16:47:11 | 1585126031.1975 | ERROR | Error: Non-static method Response::initHtml() should not be called statically
2020-03-25 16:47:11 | 1585126031.1995 | ERROR | File: /project/miniSwoole/library/core/Response.php
2020-03-25 16:47:11 | 1585126031.2014 | ERROR | Line: 67
2020-03-25 16:47:11 | 1585126031.2032 | ERROR | ================================================================================
2020-03-25 16:47:11 | 1585126031.2052 | ERROR | ErrorNO: 8192
2020-03-25 16:47:11 | 1585126031.2069 | ERROR | Error: Non-static method Response::generalError() should not be called statically
2020-03-25 16:47:11 | 1585126031.2088 | ERROR | File: /project/miniSwoole/library/core/Response.php
2020-03-25 16:47:11 | 1585126031.2106 | ERROR | Line: 68
2020-03-25 16:47:11 | 1585126031.2125 | ERROR | ================================================================================
2020-03-25 16:47:11 | 1585126031.2144 | ERROR | ErrorNO: 8192
2020-03-25 16:47:11 | 1585126031.2163 | ERROR | Error: Non-static method Response::traceError() should not be called statically
2020-03-25 16:47:11 | 1585126031.2180 | ERROR | File: /project/miniSwoole/library/core/Response.php
2020-03-25 16:47:11 | 1585126031.2196 | ERROR | Line: 69
2020-03-25 16:47:11 | 1585126031.2213 | ERROR | ================================================================================
2020-03-25 16:47:11 | 1585126031.2233 | ERROR | ErrorNO: 8192
2020-03-25 16:47:11 | 1585126031.2252 | ERROR | Error: Non-static method Response::configError() should not be called statically
2020-03-25 16:47:11 | 1585126031.2272 | ERROR | File: /project/miniSwoole/library/core/Response.php
2020-03-25 16:47:11 | 1585126031.2290 | ERROR | Line: 70
2020-03-25 16:47:11 | 1585126031.2309 | ERROR | ================================================================================
2020-03-25 16:47:11 | 1585126031.2328 | ERROR | ErrorNO: 8192
2020-03-25 16:47:11 | 1585126031.2345 | ERROR | Error: Non-static method Response::getError() should not be called statically
2020-03-25 16:47:11 | 1585126031.2363 | ERROR | File: /project/miniSwoole/library/core/Response.php
2020-03-25 16:47:11 | 1585126031.2381 | ERROR | Line: 71
2020-03-25 16:47:11 | 1585126031.2399 | ERROR | ================================================================================
2020-03-25 16:47:11 | 1585126031.2419 | ERROR | ErrorNO: 8192
2020-03-25 16:47:11 | 1585126031.2438 | ERROR | Error: Non-static method Response::postError() should not be called statically
2020-03-25 16:47:11 | 1585126031.2456 | ERROR | File: /project/miniSwoole/library/core/Response.php
2020-03-25 16:47:11 | 1585126031.2473 | ERROR | Line: 72
2020-03-25 16:47:11 | 1585126031.2490 | ERROR | ================================================================================
2020-03-25 16:47:11 | 1585126031.2508 | ERROR | ErrorNO: 8192
2020-03-25 16:47:11 | 1585126031.2526 | ERROR | Error: Non-static method Response::cookieError() should not be called statically
2020-03-25 16:47:11 | 1585126031.2546 | ERROR | File: /project/miniSwoole/library/core/Response.php
2020-03-25 16:47:11 | 1585126031.2564 | ERROR | Line: 73
2020-03-25 16:47:11 | 1585126031.2584 | ERROR | ================================================================================
2020-03-25 16:47:11 | 1585126031.2602 | ERROR | ErrorNO: 8192
2020-03-25 16:47:11 | 1585126031.2621 | ERROR | Error: Non-static method Response::serverError() should not be called statically
2020-03-25 16:47:11 | 1585126031.2639 | ERROR | File: /project/miniSwoole/library/core/Response.php
2020-03-25 16:47:11 | 1585126031.2658 | ERROR | Line: 74
2020-03-25 16:47:11 | 1585126031.2677 | ERROR | ================================================================================
2020-03-25 16:47:11 | 1585126031.2696 | ERROR | ErrorNO: 8192
2020-03-25 16:47:11 | 1585126031.2715 | ERROR | Error: Non-static method Response::sqlError() should not be called statically
2020-03-25 16:47:11 | 1585126031.2734 | ERROR | File: /project/miniSwoole/library/core/Response.php
2020-03-25 16:47:11 | 1585126031.2752 | ERROR | Line: 75
2020-03-25 16:47:11 | 1585126031.2769 | ERROR | ================================================================================
[2020-03-25 08:48:10 #16617.1]	NOTICE	Server is shutdown now.
2020-03-25 16:48:10 | 1585126090.1924 | INFO | Worker 0 stop
2020-03-25 16:48:10 | 1585126090.1925 | INFO | Worker 1 stop
2020-03-25 16:48:12 | 1585126092.3134 | INFO | ======= HTTP master start =======
2020-03-25 16:48:12 | 1585126092.4328 | INFO | Success to init MySQL instance
2020-03-25 16:48:12 | 1585126092.4334 | INFO | Success to init MySQL instance
2020-03-25 16:48:12 | 1585126092.4367 | INFO | Success to init MySQL instance
2020-03-25 16:48:12 | 1585126092.4388 | INFO | Success to init Redis instance
2020-03-25 16:48:12 | 1585126092.4399 | INFO | Success to init Redis instance
2020-03-25 16:48:12 | 1585126092.4411 | INFO | Worker 1 ready for connections ...
2020-03-25 16:48:12 | 1585126092.4426 | INFO | Worker 0 ready for connections ...
2020-03-25 16:48:28 | 1585126108.5779 | INFO | This is an info msg
2020-03-25 16:48:28 | 1585126108.5808 | WARN | This is a warn msg
2020-03-25 16:48:28 | 1585126108.5827 | ERROR | This is an error msg
2020-03-25 16:48:28 | 1585126108.5847 | FATAL | This is a fatal msg
2020-03-25 16:48:28 | 1585126108.5867 | INFO | This is a log msg
[2020-03-25 08:50:15 #16641.1]	NOTICE	Server is shutdown now.
2020-03-25 16:50:15 | 1585126215.7760 | INFO | Worker 0 stop
2020-03-25 16:50:15 | 1585126215.7761 | INFO | Worker 1 stop
2020-03-25 16:50:17 | 1585126217.9051 | INFO | ======= HTTP master start =======
2020-03-25 16:50:18 | 1585126218.0244 | INFO | Success to init MySQL instance
2020-03-25 16:50:18 | 1585126218.0259 | INFO | Success to init MySQL instance
2020-03-25 16:50:18 | 1585126218.0283 | INFO | Success to init MySQL instance
2020-03-25 16:50:18 | 1585126218.0307 | INFO | Success to init Redis instance
2020-03-25 16:50:18 | 1585126218.0318 | INFO | Success to init Redis instance
2020-03-25 16:50:18 | 1585126218.0331 | INFO | Worker 1 ready for connections ...
2020-03-25 16:50:18 | 1585126218.0346 | INFO | Worker 0 ready for connections ...
2020-03-25 16:50:20 | 1585126220.7646 | INFO | This is an info msg
2020-03-25 16:50:20 | 1585126220.7679 | WARN | This is a warn msg
2020-03-25 16:50:20 | 1585126220.7697 | ERROR | This is an error msg
2020-03-25 16:50:20 | 1585126220.7717 | FATAL | This is a fatal msg
2020-03-25 16:50:20 | 1585126220.7737 | INFO | This is a log msg
2020-03-25 16:50:42 | 1585126242.8000 | ERROR | ErrorNO: 9999
2020-03-25 16:50:42 | 1585126242.8028 | ERROR | Error: No such file or directory: /project/miniSwoole/controller/Favicon.ico.php
2020-03-25 16:50:42 | 1585126242.8046 | ERROR | File: /project/miniSwoole/library/core/Hooker.php
2020-03-25 16:50:42 | 1585126242.8062 | ERROR | Line: 63
2020-03-25 16:50:42 | 1585126242.8080 | ERROR | ================================================================================
2020-03-25 16:50:45 | 1585126245.6625 | INFO | This is an info msg
2020-03-25 16:50:45 | 1585126245.6646 | WARN | This is a warn msg
2020-03-25 16:50:45 | 1585126245.6665 | ERROR | This is an error msg
2020-03-25 16:50:45 | 1585126245.6683 | FATAL | This is a fatal msg
2020-03-25 16:50:45 | 1585126245.6702 | INFO | This is a log msg
2020-03-25 16:55:09 | 1585126509.3452 | ERROR | ErrorNO: 8
2020-03-25 16:55:09 | 1585126509.3487 | ERROR | Error: Undefined property: C_Http::$m_player
2020-03-25 16:55:09 | 1585126509.3507 | ERROR | File: /project/miniSwoole/controller/Http.php
2020-03-25 16:55:09 | 1585126509.3528 | ERROR | Line: 56
2020-03-25 16:55:09 | 1585126509.3548 | ERROR | ================================================================================
[2020-03-25 08:55:28 #16667.1]	NOTICE	Server is shutdown now.
2020-03-25 16:55:28 | 1585126528.9667 | INFO | Worker 0 stop
2020-03-25 16:55:28 | 1585126528.9669 | INFO | Worker 1 stop
2020-03-25 16:55:31 | 1585126531.0975 | INFO | ======= HTTP master start =======
2020-03-25 16:55:31 | 1585126531.2168 | INFO | Success to init MySQL instance
2020-03-25 16:55:31 | 1585126531.2181 | INFO | Success to init MySQL instance
2020-03-25 16:55:31 | 1585126531.2210 | INFO | Success to init MySQL instance
2020-03-25 16:55:31 | 1585126531.2225 | INFO | Success to init Redis instance
2020-03-25 16:55:31 | 1585126531.2247 | INFO | Success to init Redis instance
2020-03-25 16:55:31 | 1585126531.2254 | INFO | Worker 1 ready for connections ...
2020-03-25 16:55:31 | 1585126531.2268 | INFO | Worker 0 ready for connections ...
2020-03-25 16:55:35 | 1585126535.6936 | ERROR | ErrorNO: 8
2020-03-25 16:55:35 | 1585126535.6966 | ERROR | Error: Undefined property: C_Http::$m_player
2020-03-25 16:55:35 | 1585126535.6986 | ERROR | File: /project/miniSwoole/controller/Http.php
2020-03-25 16:55:35 | 1585126535.7005 | ERROR | Line: 56
2020-03-25 16:55:35 | 1585126535.7027 | ERROR | ================================================================================
2020-03-25 16:55:36 | 1585126536.3762 | ERROR | ErrorNO: 8
2020-03-25 16:55:36 | 1585126536.3783 | ERROR | Error: Undefined property: C_Http::$m_player
2020-03-25 16:55:36 | 1585126536.3801 | ERROR | File: /project/miniSwoole/controller/Http.php
2020-03-25 16:55:36 | 1585126536.3820 | ERROR | Line: 56
2020-03-25 16:55:36 | 1585126536.3840 | ERROR | ================================================================================
2020-03-25 16:55:47 | 1585126547.9168 | ERROR | ErrorNO: 8
2020-03-25 16:55:47 | 1585126547.9198 | ERROR | Error: Undefined property: C_Http::$m_player
2020-03-25 16:55:47 | 1585126547.9217 | ERROR | File: /project/miniSwoole/controller/Http.php
2020-03-25 16:55:47 | 1585126547.9237 | ERROR | Line: 56
2020-03-25 16:55:47 | 1585126547.9257 | ERROR | ================================================================================
2020-03-25 22:08:04 | 1585145284.7662 | ERROR | ErrorNO: 8
2020-03-25 22:08:04 | 1585145284.7701 | ERROR | Error: Undefined variable: config
2020-03-25 22:08:04 | 1585145284.7718 | ERROR | File: /project/miniHttp/library/core/MiniSwoole.php
2020-03-25 22:08:04 | 1585145284.7735 | ERROR | Line: 120
2020-03-25 22:08:04 | 1585145284.7752 | ERROR | ================================================================================
2020-03-25 22:08:04 | 1585145284.7771 | ERROR | ErrorNO: 2
2020-03-25 22:08:04 | 1585145284.7788 | ERROR | Error: Invalid argument supplied for foreach()
2020-03-25 22:08:04 | 1585145284.7805 | ERROR | File: /project/miniHttp/library/core/HttpServer.php
2020-03-25 22:08:04 | 1585145284.7821 | ERROR | Line: 16
2020-03-25 22:08:04 | 1585145284.7837 | ERROR | ================================================================================
2020-03-25 22:08:04 | 1585145284.7855 | INFO | ======= HTTP master start =======
2020-03-25 22:08:04 | 1585145284.9044 | INFO | Success to init MySQL instance
2020-03-25 22:08:04 | 1585145284.9111 | INFO | Success to init MySQL instance
2020-03-25 22:08:04 | 1585145284.9170 | INFO | Success to init Redis instance
2020-03-25 22:08:04 | 1585145284.9189 | INFO | Worker 0 ready for connections ...
2020-03-25 22:08:29 | 1585145309.3886 | ERROR | ErrorNO: 8
2020-03-25 22:08:29 | 1585145309.3921 | ERROR | Error: Undefined variable: config
2020-03-25 22:08:29 | 1585145309.3937 | ERROR | File: /project/miniHttp/library/core/MiniSwoole.php
2020-03-25 22:08:29 | 1585145309.3957 | ERROR | Line: 120
2020-03-25 22:08:29 | 1585145309.3976 | ERROR | ================================================================================
2020-03-25 22:08:29 | 1585145309.3998 | ERROR | ErrorNO: 2
2020-03-25 22:08:29 | 1585145309.4017 | ERROR | Error: Invalid argument supplied for foreach()
2020-03-25 22:08:29 | 1585145309.4034 | ERROR | File: /project/miniHttp/library/core/HttpServer.php
2020-03-25 22:08:29 | 1585145309.4052 | ERROR | Line: 16
2020-03-25 22:08:29 | 1585145309.4068 | ERROR | ================================================================================
2020-03-25 22:08:29 | 1585145309.4087 | INFO | ======= HTTP master start =======
2020-03-25 22:08:29 | 1585145309.5218 | INFO | Success to init MySQL instance
2020-03-25 22:08:29 | 1585145309.5263 | INFO | Success to init MySQL instance
2020-03-25 22:08:29 | 1585145309.5288 | INFO | Success to init Redis instance
2020-03-25 22:08:29 | 1585145309.5310 | INFO | Worker 0 ready for connections ...
2020-03-25 22:08:44 | 1585145324.9352 | ERROR | ErrorNO: 8
2020-03-25 22:08:44 | 1585145324.9386 | ERROR | Error: Undefined variable: config
2020-03-25 22:08:44 | 1585145324.9405 | ERROR | File: /project/miniHttp/library/core/MiniSwoole.php
2020-03-25 22:08:44 | 1585145324.9425 | ERROR | Line: 120
2020-03-25 22:08:44 | 1585145324.9445 | ERROR | ================================================================================
2020-03-25 22:08:44 | 1585145324.9466 | ERROR | ErrorNO: 2
2020-03-25 22:08:44 | 1585145324.9485 | ERROR | Error: Invalid argument supplied for foreach()
2020-03-25 22:08:44 | 1585145324.9504 | ERROR | File: /project/miniHttp/library/core/HttpServer.php
2020-03-25 22:08:44 | 1585145324.9524 | ERROR | Line: 16
2020-03-25 22:08:44 | 1585145324.9543 | ERROR | ================================================================================
2020-03-25 22:08:44 | 1585145324.9564 | INFO | ======= HTTP master start =======
2020-03-25 22:08:45 | 1585145325.0697 | INFO | Success to init MySQL instance
2020-03-25 22:08:45 | 1585145325.0742 | INFO | Success to init MySQL instance
2020-03-25 22:08:45 | 1585145325.0767 | INFO | Success to init Redis instance
2020-03-25 22:08:45 | 1585145325.0787 | INFO | Worker 0 ready for connections ...
2020-03-25 22:09:15 | 1585145355.7346 | ERROR | ErrorNO: 8
2020-03-25 22:09:15 | 1585145355.7382 | ERROR | Error: Undefined variable: config
2020-03-25 22:09:15 | 1585145355.7401 | ERROR | File: /project/miniHttp/library/core/MiniSwoole.php
2020-03-25 22:09:15 | 1585145355.7420 | ERROR | Line: 120
2020-03-25 22:09:15 | 1585145355.7439 | ERROR | ================================================================================
2020-03-25 22:09:15 | 1585145355.7460 | ERROR | ErrorNO: 2
2020-03-25 22:09:15 | 1585145355.7479 | ERROR | Error: Invalid argument supplied for foreach()
2020-03-25 22:09:15 | 1585145355.7497 | ERROR | File: /project/miniHttp/library/core/HttpServer.php
2020-03-25 22:09:15 | 1585145355.7516 | ERROR | Line: 16
2020-03-25 22:09:15 | 1585145355.7536 | ERROR | ================================================================================
2020-03-25 22:09:15 | 1585145355.7557 | INFO | ======= HTTP master start =======
2020-03-25 22:09:15 | 1585145355.8698 | INFO | Success to init MySQL instance
2020-03-25 22:09:15 | 1585145355.8744 | INFO | Success to init MySQL instance
2020-03-25 22:09:15 | 1585145355.8776 | INFO | Success to init Redis instance
2020-03-25 22:09:15 | 1585145355.8796 | INFO | Worker 0 ready for connections ...
2020-03-25 22:10:25 | 1585145425.0634 | INFO | ======= HTTP master start =======
2020-03-25 22:10:25 | 1585145425.1825 | INFO | Success to init MySQL instance
2020-03-25 22:10:25 | 1585145425.1874 | INFO | Success to init MySQL instance
2020-03-25 22:10:25 | 1585145425.1915 | INFO | Success to init MySQL instance
2020-03-25 22:10:25 | 1585145425.1919 | INFO | Success to init Redis instance
2020-03-25 22:10:25 | 1585145425.1945 | INFO | Success to init Redis instance
2020-03-25 22:10:25 | 1585145425.1951 | INFO | Worker 1 ready for connections ...
2020-03-25 22:10:25 | 1585145425.1982 | INFO | Worker 0 ready for connections ...
[2020-03-25 14:11:20 #17981.1]	NOTICE	Server is shutdown now.
2020-03-25 22:11:20 | 1585145480.0219 | INFO | Worker 0 stop
2020-03-25 22:11:20 | 1585145480.0221 | INFO | Worker 1 stop
2020-03-25 22:11:36 | 1585145496.4690 | INFO | Worker 0 stop
2020-03-25 22:11:43 | 1585145503.2606 | INFO | Worker 0 stop
2020-03-25 22:11:48 | 1585145508.7318 | INFO | Worker 0 stop
2020-03-25 22:11:53 | 1585145513.1159 | INFO | Worker 0 stop
2020-03-25 22:12:30 | 1585145550.7615 | INFO | ======= HTTP master start =======
2020-03-25 22:12:30 | 1585145550.8796 | INFO | Success to init MySQL instance
2020-03-25 22:12:30 | 1585145550.8816 | INFO | Success to init MySQL instance
2020-03-25 22:12:30 | 1585145550.8862 | INFO | Success to init MySQL instance
2020-03-25 22:12:30 | 1585145550.8874 | INFO | Success to init Redis instance
2020-03-25 22:12:30 | 1585145550.8891 | INFO | Success to init Redis instance
2020-03-25 22:12:30 | 1585145550.8905 | INFO | Worker 1 ready for connections ...
2020-03-25 22:12:30 | 1585145550.8920 | INFO | Worker 0 ready for connections ...
2020-03-25 22:12:51 | 1585145571.7900 | INFO | Heartbeating process ......
2020-03-25 22:12:51 | 1585145571.7936 | INFO | Process config => {"Mini_Swoole_importer":{"num":1,"mysql":true,"redis":true,"callback":["Importer","run"]}}
2020-03-25 22:12:51 | 1585145571.8195 | WARN | Heartbeat: Mini_Swoole_importer is DOWN, restarting ......
2020-03-25 22:12:51 | 1585145571.8215 | INFO | Forking Mini_Swoole_importer......
2020-03-25 22:12:51 | 1585145571.8239 | INFO | Process Mini_Swoole_importer with pid 18333 is running !
2020-03-25 22:12:51 | 1585145571.8304 | INFO | Success to init MySQL instance
2020-03-25 22:12:51 | 1585145571.8343 | INFO | Success to init MySQL instance
2020-03-25 22:12:51 | 1585145571.8368 | INFO | Success to init Redis instance
2020-03-25 22:12:51 | 1585145571.8428 | INFO | Importer process is ready !
2020-03-25 22:12:51 | 1585145571.8452 | INFO | Time in Importer::run => 2020-03-25 22:12:51
2020-03-25 22:12:52 | 1585145572.8487 | INFO | Time in Importer::run => 2020-03-25 22:12:52
2020-03-25 22:12:53 | 1585145573.8528 | INFO | Time in Importer::run => 2020-03-25 22:12:53
2020-03-25 22:12:54 | 1585145574.8572 | INFO | Time in Importer::run => 2020-03-25 22:12:54
2020-03-25 22:12:55 | 1585145575.8614 | INFO | Time in Importer::run => 2020-03-25 22:12:55
2020-03-25 22:12:56 | 1585145576.8652 | INFO | Time in Importer::run => 2020-03-25 22:12:56
2020-03-25 22:12:57 | 1585145577.8696 | INFO | Time in Importer::run => 2020-03-25 22:12:57
2020-03-25 22:12:58 | 1585145578.8734 | INFO | Time in Importer::run => 2020-03-25 22:12:58
2020-03-25 22:12:59 | 1585145579.8777 | INFO | Time in Importer::run => 2020-03-25 22:12:59
2020-03-25 22:13:00 | 1585145580.8820 | INFO | Time in Importer::run => 2020-03-25 22:13:00
2020-03-25 22:13:01 | 1585145581.8871 | INFO | Time in Importer::run => 2020-03-25 22:13:01
2020-03-25 22:13:02 | 1585145582.8912 | INFO | Time in Importer::run => 2020-03-25 22:13:02
2020-03-25 22:13:03 | 1585145583.8940 | INFO | Time in Importer::run => 2020-03-25 22:13:03
2020-03-25 22:13:04 | 1585145584.8988 | INFO | Time in Importer::run => 2020-03-25 22:13:04
2020-03-25 22:13:05 | 1585145585.9026 | INFO | Time in Importer::run => 2020-03-25 22:13:05
2020-03-25 22:13:06 | 1585145586.9053 | INFO | Time in Importer::run => 2020-03-25 22:13:06
2020-03-25 22:13:07 | 1585145587.9092 | INFO | Time in Importer::run => 2020-03-25 22:13:07
2020-03-25 22:13:08 | 1585145588.9118 | INFO | Time in Importer::run => 2020-03-25 22:13:08
2020-03-25 22:13:09 | 1585145589.9151 | INFO | Time in Importer::run => 2020-03-25 22:13:09
2020-03-25 22:13:10 | 1585145590.9189 | INFO | Time in Importer::run => 2020-03-25 22:13:10
2020-03-25 22:13:11 | 1585145591.9225 | INFO | Time in Importer::run => 2020-03-25 22:13:11
2020-03-25 22:13:12 | 1585145592.9253 | INFO | Time in Importer::run => 2020-03-25 22:13:12
2020-03-25 22:13:13 | 1585145593.9286 | INFO | Time in Importer::run => 2020-03-25 22:13:13
2020-03-25 22:13:14 | 1585145594.9323 | INFO | Time in Importer::run => 2020-03-25 22:13:14
2020-03-25 22:13:15 | 1585145595.9356 | INFO | Time in Importer::run => 2020-03-25 22:13:15
2020-03-26 09:50:04 | 1585187404.0330 | ERROR | ErrorNO: 8
2020-03-26 09:50:04 | 1585187404.0378 | ERROR | Error: PDO::query(): send of 55 bytes failed with errno=32 Broken pipe
2020-03-26 09:50:04 | 1585187404.0398 | ERROR | File: /project/miniHttp/library/core/Model.php
2020-03-26 09:50:04 | 1585187404.0416 | ERROR | Line: 515
2020-03-26 09:50:04 | 1585187404.0438 | ERROR | ================================================================================
2020-03-26 09:50:04 | 1585187404.0459 | ERROR | ErrorNO: 2
2020-03-26 09:50:04 | 1585187404.0478 | ERROR | Error: Error while sending QUERY packet. PID=18223
2020-03-26 09:50:04 | 1585187404.0497 | ERROR | File: /project/miniHttp/library/core/Model.php
2020-03-26 09:50:04 | 1585187404.0519 | ERROR | Line: 515
2020-03-26 09:50:04 | 1585187404.0542 | ERROR | ================================================================================
[26-Mar-2020 09:50:04 Asia/Chongqing] PHP Fatal error:  Uncaught Error in /project/miniHttp/library/core/Logger.php:213
Stack trace:
#0 /project/miniHttp/library/core/Helper.php(81): Logger::errorHandler(9999, 'MySQL server ha...', '/project/miniHt...', 521, NULL, 'SELECT `id`, `u...')
#1 /project/miniHttp/library/core/Model.php(722): Helper::raiseError(Array, 'MySQL server ha...', 'SELECT `id`, `u...')
#2 /project/miniHttp/library/core/Model.php(521): Model->checkResult()
#3 /project/miniHttp/library/core/Model.php(274): Model->Execute()
#4 /project/miniHttp/model/User.php(12): Model->Select()
#5 /project/miniHttp/controller/Http.php(74): M_User->SelectAll()
#6 /project/miniHttp/library/core/Hooker.php(72): C_Http->users()
#7 {main}
  thrown in /project/miniHttp/library/core/Logger.php on line 213
[2020-03-26 01:50:04 *18223.0]	ERROR	zm_deactivate_swoole (ERROR 503): Fatal error: Uncaught Error in /project/miniHttp/library/core/Logger.php:213
Stack trace:
#0 /project/miniHttp/library/core/Helper.php(81): Logger::errorHandler(9999, 'MySQL server ha...', '/project/miniHt...', 521, NULL, 'SELECT `id`, `u...')
#1 /project/miniHttp/library/core/Model.php(722): Helper::raiseError(Array, 'MySQL server ha...', 'SELECT `id`, `u...')
#2 /project/miniHttp/library/core/Model.php(521): Model->checkResult()
#3 /project/miniHttp/library/core/Model.ph
2020-03-26 01:50:04 | 1585187404.0748 | ERROR | ErrorNO: 8
2020-03-26 01:50:04 | 1585187404.0769 | ERROR | Error: Unknown: send of 5 bytes failed with errno=32 Broken pipe
2020-03-26 01:50:04 | 1585187404.0789 | ERROR | File: Unknown
2020-03-26 01:50:04 | 1585187404.0808 | ERROR | Line: 0
2020-03-26 01:50:04 | 1585187404.0828 | ERROR | ================================================================================
[2020-03-26 01:50:04 $18219.0]	WARNING	swManager_check_exit_status: worker#0 abnormal exit, status=255, signal=0
2020-03-26 09:50:04 | 1585187404.0903 | FATAL | Worker 0 exit with code 255 and signal 0
2020-03-26 09:50:04 | 1585187404.0995 | INFO | Success to init MySQL instance
2020-03-26 09:50:04 | 1585187404.1030 | INFO | Success to init MySQL instance
2020-03-26 09:50:04 | 1585187404.1057 | INFO | Success to init Redis instance
2020-03-26 09:50:04 | 1585187404.1075 | INFO | Worker 0 ready for connections ...
2020-03-26 09:50:22 | 1585187422.4598 | ERROR | ErrorNO: 8
2020-03-26 09:50:22 | 1585187422.4759 | ERROR | Error: Undefined property: C_Http::$m_player
2020-03-26 09:50:22 | 1585187422.4779 | ERROR | File: /project/miniHttp/controller/Http.php
2020-03-26 09:50:22 | 1585187422.4799 | ERROR | Line: 50
2020-03-26 09:50:22 | 1585187422.4819 | ERROR | ================================================================================
[26-Mar-2020 09:50:22 Asia/Chongqing] PHP Fatal error:  Uncaught Error: Call to a member function SelectOne() on null in /project/miniHttp/controller/Http.php:50
Stack trace:
#0 /project/miniHttp/library/core/Hooker.php(72): C_Http->onError()
#1 {main}
  thrown in /project/miniHttp/controller/Http.php on line 50
[2020-03-26 01:50:22 *20793.0]	ERROR	zm_deactivate_swoole (ERROR 503): Fatal error: Uncaught Error: Call to a member function SelectOne() on null in /project/miniHttp/controller/Http.php:50
Stack trace:
#0 /project/miniHttp/library/core/Hooker.php(72): C_Http->onError()
#1 {main}
  thrown in /project/miniHttp/controller/Http.php on line 50.
[2020-03-26 01:50:22 $18219.0]	WARNING	swManager_check_exit_status: worker#0 abnormal exit, status=255, signal=0
2020-03-26 09:50:22 | 1585187422.4934 | FATAL | Worker 0 exit with code 255 and signal 0
2020-03-26 09:50:22 | 1585187422.5010 | INFO | Success to init MySQL instance
2020-03-26 09:50:22 | 1585187422.5042 | INFO | Success to init MySQL instance
2020-03-26 09:50:22 | 1585187422.5068 | INFO | Success to init Redis instance
2020-03-26 09:50:22 | 1585187422.5090 | INFO | Worker 0 ready for connections ...
[2020-03-26 01:51:09 #18218.1]	NOTICE	Server is shutdown now.
2020-03-26 09:51:09 | 1585187469.6634 | INFO | Worker 0 stop
2020-03-26 09:51:09 | 1585187469.6637 | INFO | Worker 1 stop
